# JRE version: OpenJDK Runtime Environment (17.0.6+10) (build 17.0.6+10-Debian-1deb11u1)
# Java VM: OpenJDK 64-Bit Server VM (17.0.6+10-Debian-1deb11u1, mixed mode, sharing, tiered, compressed oops, compressed class ptrs, parallel gc, linux-amd64)
GC Precious Log:
 CPUs: 16 total, 16 available
 Memory: 31888M
 Large Page Support: Disabled
 NUMA Support: Disabled
 Compressed Oops: Enabled (32-bit)
 Alignments: Space 512K, Generation 512K, Heap 2M
 Heap Min Capacity: 100M
 Heap Initial Capacity: 100M
 Heap Max Capacity: 1G
 Pre-touch: Disabled
 Parallel Workers: 13
Heap:
 PSYoungGen      total 24064K, used 832K [0x00000000eab00000, 0x00000000ec700000, 0x0000000100000000)
  eden space 23040K, 0% used [0x00000000eab00000,0x00000000eab00000,0x00000000ec180000)
  from space 1024K, 81% used [0x00000000ec380000,0x00000000ec450000,0x00000000ec480000)
  to   space 1536K, 0% used [0x00000000ec580000,0x00000000ec580000,0x00000000ec700000)
 ParOldGen       total 68608K, used 14023K [0x00000000c0000000, 0x00000000c4300000, 0x00000000eab00000)
  object space 68608K, 20% used [0x00000000c0000000,0x00000000c0db1ff8,0x00000000c4300000)
 Metaspace       used 35016K, committed 35840K, reserved 1081344K
  class space    used 3720K, committed 4032K, reserved 1048576K
GC Heap History (20 events):
Event: 0,805 GC heap after
{Heap after GC invocations=3 (full 0):
 PSYoungGen      total 29696K, used 4083K [0x00000000eab00000, 0x00000000ecc00000, 0x0000000100000000)
  eden space 25600K, 0% used [0x00000000eab00000,0x00000000eab00000,0x00000000ec400000)
  from space 4096K, 99% used [0x00000000ec400000,0x00000000ec7fcec8,0x00000000ec800000)
  to   space 4096K, 0% used [0x00000000ec800000,0x00000000ec800000,0x00000000ecc00000)
 ParOldGen       total 68608K, used 3601K [0x00000000c0000000, 0x00000000c4300000, 0x00000000eab00000)
  object space 68608K, 5% used [0x00000000c0000000,0x00000000c0384458,0x00000000c4300000)
 Metaspace       used 12998K, committed 13376K, reserved 1064960K
  class space    used 1267K, committed 1408K, reserved 1048576K
}
Event: 1,003 GC heap before
{Heap before GC invocations=4 (full 0):
 PSYoungGen      total 29696K, used 29683K [0x00000000eab00000, 0x00000000ecc00000, 0x0000000100000000)
  eden space 25600K, 100% used [0x00000000eab00000,0x00000000ec400000,0x00000000ec400000)
  from space 4096K, 99% used [0x00000000ec400000,0x00000000ec7fcec8,0x00000000ec800000)
  to   space 4096K, 0% used [0x00000000ec800000,0x00000000ec800000,0x00000000ecc00000)
 ParOldGen       total 68608K, used 3601K [0x00000000c0000000, 0x00000000c4300000, 0x00000000eab00000)
  object space 68608K, 5% used [0x00000000c0000000,0x00000000c0384458,0x00000000c4300000)
 Metaspace       used 16017K, committed 16576K, reserved 1064960K
  class space    used 1620K, committed 1856K, reserved 1048576K
}
Event: 1,006 GC heap after
{Heap after GC invocations=4 (full 0):
 PSYoungGen      total 29696K, used 4067K [0x00000000eab00000, 0x00000000ecc00000, 0x0000000100000000)
  eden space 25600K, 0% used [0x00000000eab00000,0x00000000eab00000,0x00000000ec400000)
  from space 4096K, 99% used [0x00000000ec800000,0x00000000ecbf8d40,0x00000000ecc00000)
  to   space 4096K, 0% used [0x00000000ec400000,0x00000000ec400000,0x00000000ec800000)
 ParOldGen       total 68608K, used 6143K [0x00000000c0000000, 0x00000000c4300000, 0x00000000eab00000)
  object space 68608K, 8% used [0x00000000c0000000,0x00000000c05ffca8,0x00000000c4300000)
 Metaspace       used 16017K, committed 16576K, reserved 1064960K
  class space    used 1620K, committed 1856K, reserved 1048576K
}
Event: 1,128 GC heap before
{Heap before GC invocations=5 (full 0):
 PSYoungGen      total 29696K, used 29667K [0x00000000eab00000, 0x00000000ecc00000, 0x0000000100000000)
  eden space 25600K, 100% used [0x00000000eab00000,0x00000000ec400000,0x00000000ec400000)
  from space 4096K, 99% used [0x00000000ec800000,0x00000000ecbf8d40,0x00000000ecc00000)
  to   space 4096K, 0% used [0x00000000ec400000,0x00000000ec400000,0x00000000ec800000)
 ParOldGen       total 68608K, used 6143K [0x00000000c0000000, 0x00000000c4300000, 0x00000000eab00000)
  object space 68608K, 8% used [0x00000000c0000000,0x00000000c05ffca8,0x00000000c4300000)
 Metaspace       used 19506K, committed 20032K, reserved 1073152K
  class space    used 1897K, committed 2112K, reserved 1048576K
}
Event: 1,131 GC heap after
{Heap after GC invocations=5 (full 0):
 PSYoungGen      total 29184K, used 4090K [0x00000000eab00000, 0x00000000ece80000, 0x0000000100000000)
  eden space 25088K, 0% used [0x00000000eab00000,0x00000000eab00000,0x00000000ec380000)
  from space 4096K, 99% used [0x00000000ec400000,0x00000000ec7fe9f8,0x00000000ec800000)
  to   space 5632K, 0% used [0x00000000ec900000,0x00000000ec900000,0x00000000ece80000)
 ParOldGen       total 68608K, used 6879K [0x00000000c0000000, 0x00000000c4300000, 0x00000000eab00000)
  object space 68608K, 10% used [0x00000000c0000000,0x00000000c06b7cd8,0x00000000c4300000)
 Metaspace       used 19506K, committed 20032K, reserved 1073152K
  class space    used 1897K, committed 2112K, reserved 1048576K
}
Event: 1,176 GC heap before
{Heap before GC invocations=6 (full 0):
 PSYoungGen      total 29184K, used 12085K [0x00000000eab00000, 0x00000000ece80000, 0x0000000100000000)
  eden space 25088K, 31% used [0x00000000eab00000,0x00000000eb2cec90,0x00000000ec380000)
  from space 4096K, 99% used [0x00000000ec400000,0x00000000ec7fe9f8,0x00000000ec800000)
  to   space 5632K, 0% used [0x00000000ec900000,0x00000000ec900000,0x00000000ece80000)
 ParOldGen       total 68608K, used 6879K [0x00000000c0000000, 0x00000000c4300000, 0x00000000eab00000)
  object space 68608K, 10% used [0x00000000c0000000,0x00000000c06b7cd8,0x00000000c4300000)
 Metaspace       used 20954K, committed 21504K, reserved 1073152K
  class space    used 2024K, committed 2240K, reserved 1048576K
}
Event: 1,180 GC heap after
{Heap after GC invocations=6 (full 0):
 PSYoungGen      total 30208K, used 4612K [0x00000000eab00000, 0x00000000ece00000, 0x0000000100000000)
  eden space 25088K, 0% used [0x00000000eab00000,0x00000000eab00000,0x00000000ec380000)
  from space 5120K, 90% used [0x00000000ec900000,0x00000000ecd810e0,0x00000000ece00000)
  to   space 5120K, 0% used [0x00000000ec400000,0x00000000ec400000,0x00000000ec900000)
 ParOldGen       total 68608K, used 6879K [0x00000000c0000000, 0x00000000c4300000, 0x00000000eab00000)
  object space 68608K, 10% used [0x00000000c0000000,0x00000000c06b7cd8,0x00000000c4300000)
 Metaspace       used 20954K, committed 21504K, reserved 1073152K
  class space    used 2024K, committed 2240K, reserved 1048576K
}
Event: 1,180 GC heap before
{Heap before GC invocations=7 (full 1):
 PSYoungGen      total 30208K, used 4612K [0x00000000eab00000, 0x00000000ece00000, 0x0000000100000000)
  eden space 25088K, 0% used [0x00000000eab00000,0x00000000eab00000,0x00000000ec380000)
  from space 5120K, 90% used [0x00000000ec900000,0x00000000ecd810e0,0x00000000ece00000)
  to   space 5120K, 0% used [0x00000000ec400000,0x00000000ec400000,0x00000000ec900000)
 ParOldGen       total 68608K, used 6879K [0x00000000c0000000, 0x00000000c4300000, 0x00000000eab00000)
  object space 68608K, 10% used [0x00000000c0000000,0x00000000c06b7cd8,0x00000000c4300000)
 Metaspace       used 20954K, committed 21504K, reserved 1073152K
  class space    used 2024K, committed 2240K, reserved 1048576K
}
Event: 1,193 GC heap after
{Heap after GC invocations=7 (full 1):
 PSYoungGen      total 30208K, used 0K [0x00000000eab00000, 0x00000000ece00000, 0x0000000100000000)
  eden space 25088K, 0% used [0x00000000eab00000,0x00000000eab00000,0x00000000ec380000)
  from space 5120K, 0% used [0x00000000ec900000,0x00000000ec900000,0x00000000ece00000)
  to   space 5120K, 0% used [0x00000000ec400000,0x00000000ec400000,0x00000000ec900000)
 ParOldGen       total 68608K, used 10543K [0x00000000c0000000, 0x00000000c4300000, 0x00000000eab00000)
  object space 68608K, 15% used [0x00000000c0000000,0x00000000c0a4bfd0,0x00000000c4300000)
 Metaspace       used 20941K, committed 21504K, reserved 1073152K
  class space    used 2021K, committed 2240K, reserved 1048576K
}
Event: 1,328 GC heap before
{Heap before GC invocations=8 (full 1):
 PSYoungGen      total 30208K, used 25088K [0x00000000eab00000, 0x00000000ece00000, 0x0000000100000000)
  eden space 25088K, 100% used [0x00000000eab00000,0x00000000ec380000,0x00000000ec380000)
  from space 5120K, 0% used [0x00000000ec900000,0x00000000ec900000,0x00000000ece00000)
  to   space 5120K, 0% used [0x00000000ec400000,0x00000000ec400000,0x00000000ec900000)
 ParOldGen       total 68608K, used 10543K [0x00000000c0000000, 0x00000000c4300000, 0x00000000eab00000)
  object space 68608K, 15% used [0x00000000c0000000,0x00000000c0a4bfd0,0x00000000c4300000)
 Metaspace       used 23877K, committed 24448K, reserved 1073152K
  class space    used 2278K, committed 2496K, reserved 1048576K
}
Event: 1,328 GC heap after
{Heap after GC invocations=8 (full 1):
 PSYoungGen      total 26112K, used 1038K [0x00000000eab00000, 0x00000000ec980000, 0x0000000100000000)
  eden space 24576K, 0% used [0x00000000eab00000,0x00000000eab00000,0x00000000ec300000)
  from space 1536K, 67% used [0x00000000ec400000,0x00000000ec503b28,0x00000000ec580000)
  to   space 2560K, 0% used [0x00000000ec700000,0x00000000ec700000,0x00000000ec980000)
 ParOldGen       total 68608K, used 10551K [0x00000000c0000000, 0x00000000c4300000, 0x00000000eab00000)
  object space 68608K, 15% used [0x00000000c0000000,0x00000000c0a4dfd0,0x00000000c4300000)
 Metaspace       used 23877K, committed 24448K, reserved 1073152K
  class space    used 2278K, committed 2496K, reserved 1048576K
}
Event: 1,532 GC heap before
{Heap before GC invocations=9 (full 1):
 PSYoungGen      total 26112K, used 25614K [0x00000000eab00000, 0x00000000ec980000, 0x0000000100000000)
  eden space 24576K, 100% used [0x00000000eab00000,0x00000000ec300000,0x00000000ec300000)
  from space 1536K, 67% used [0x00000000ec400000,0x00000000ec503b28,0x00000000ec580000)
  to   space 2560K, 0% used [0x00000000ec700000,0x00000000ec700000,0x00000000ec980000)
 ParOldGen       total 68608K, used 10551K [0x00000000c0000000, 0x00000000c4300000, 0x00000000eab00000)
  object space 68608K, 15% used [0x00000000c0000000,0x00000000c0a4dfd0,0x00000000c4300000)
 Metaspace       used 27852K, committed 28544K, reserved 1081344K
  class space    used 2777K, committed 3072K, reserved 1048576K
}
Event: 1,533 GC heap after
{Heap after GC invocations=9 (full 1):
 PSYoungGen      total 26624K, used 2348K [0x00000000eab00000, 0x00000000ec980000, 0x0000000100000000)
  eden space 24064K, 0% used [0x00000000eab00000,0x00000000eab00000,0x00000000ec280000)
  from space 2560K, 91% used [0x00000000ec700000,0x00000000ec94b1b8,0x00000000ec980000)
  to   space 3072K, 0% used [0x00000000ec380000,0x00000000ec380000,0x00000000ec680000)
 ParOldGen       total 68608K, used 10559K [0x00000000c0000000, 0x00000000c4300000, 0x00000000eab00000)
  object space 68608K, 15% used [0x00000000c0000000,0x00000000c0a4ffd0,0x00000000c4300000)
 Metaspace       used 27852K, committed 28544K, reserved 1081344K
  class space    used 2777K, committed 3072K, reserved 1048576K
}
Event: 1,772 GC heap before
{Heap before GC invocations=10 (full 1):
 PSYoungGen      total 26624K, used 26412K [0x00000000eab00000, 0x00000000ec980000, 0x0000000100000000)
  eden space 24064K, 100% used [0x00000000eab00000,0x00000000ec280000,0x00000000ec280000)
  from space 2560K, 91% used [0x00000000ec700000,0x00000000ec94b1b8,0x00000000ec980000)
  to   space 3072K, 0% used [0x00000000ec380000,0x00000000ec380000,0x00000000ec680000)
 ParOldGen       total 68608K, used 10559K [0x00000000c0000000, 0x00000000c4300000, 0x00000000eab00000)
  object space 68608K, 15% used [0x00000000c0000000,0x00000000c0a4ffd0,0x00000000c4300000)
 Metaspace       used 31269K, committed 32128K, reserved 1081344K
  class space    used 3225K, committed 3584K, reserved 1048576K
}
Event: 1,773 GC heap after
{Heap after GC invocations=10 (full 1):
 PSYoungGen      total 26624K, used 3055K [0x00000000eab00000, 0x00000000ec900000, 0x0000000100000000)
  eden space 23552K, 0% used [0x00000000eab00000,0x00000000eab00000,0x00000000ec200000)
  from space 3072K, 99% used [0x00000000ec380000,0x00000000ec67bda0,0x00000000ec680000)
  to   space 2560K, 0% used [0x00000000ec680000,0x00000000ec680000,0x00000000ec900000)
 ParOldGen       total 68608K, used 10591K [0x00000000c0000000, 0x00000000c4300000, 0x00000000eab00000)
  object space 68608K, 15% used [0x00000000c0000000,0x00000000c0a57fd0,0x00000000c4300000)
 Metaspace       used 31269K, committed 32128K, reserved 1081344K
  class space    used 3225K, committed 3584K, reserved 1048576K
}
Event: 1,958 GC heap before
{Heap before GC invocations=11 (full 1):
 PSYoungGen      total 26624K, used 26607K [0x00000000eab00000, 0x00000000ec900000, 0x0000000100000000)
  eden space 23552K, 100% used [0x00000000eab00000,0x00000000ec200000,0x00000000ec200000)
  from space 3072K, 99% used [0x00000000ec380000,0x00000000ec67bda0,0x00000000ec680000)
  to   space 2560K, 0% used [0x00000000ec680000,0x00000000ec680000,0x00000000ec900000)
 ParOldGen       total 68608K, used 10591K [0x00000000c0000000, 0x00000000c4300000, 0x00000000eab00000)
  object space 68608K, 15% used [0x00000000c0000000,0x00000000c0a57fd0,0x00000000c4300000)
 Metaspace       used 33146K, committed 33856K, reserved 1081344K
  class space    used 3474K, committed 3776K, reserved 1048576K
}
Event: 1,960 GC heap after
{Heap after GC invocations=11 (full 1):
 PSYoungGen      total 25088K, used 1552K [0x00000000eab00000, 0x00000000ec880000, 0x0000000100000000)
  eden space 23040K, 0% used [0x00000000eab00000,0x00000000eab00000,0x00000000ec180000)
  from space 2048K, 75% used [0x00000000ec680000,0x00000000ec804010,0x00000000ec880000)
  to   space 2560K, 0% used [0x00000000ec380000,0x00000000ec380000,0x00000000ec600000)
 ParOldGen       total 68608K, used 12597K [0x00000000c0000000, 0x00000000c4300000, 0x00000000eab00000)
  object space 68608K, 18% used [0x00000000c0000000,0x00000000c0c4d4e0,0x00000000c4300000)
 Metaspace       used 33146K, committed 33856K, reserved 1081344K
  class space    used 3474K, committed 3776K, reserved 1048576K
}
Event: 2,086 GC heap before
{Heap before GC invocations=12 (full 1):
 PSYoungGen      total 25088K, used 15569K [0x00000000eab00000, 0x00000000ec880000, 0x0000000100000000)
  eden space 23040K, 60% used [0x00000000eab00000,0x00000000eb8b05f8,0x00000000ec180000)
  from space 2048K, 75% used [0x00000000ec680000,0x00000000ec804010,0x00000000ec880000)
  to   space 2560K, 0% used [0x00000000ec380000,0x00000000ec380000,0x00000000ec600000)
 ParOldGen       total 68608K, used 12597K [0x00000000c0000000, 0x00000000c4300000, 0x00000000eab00000)
  object space 68608K, 18% used [0x00000000c0000000,0x00000000c0c4d4e0,0x00000000c4300000)
 Metaspace       used 35016K, committed 35840K, reserved 1081344K
  class space    used 3720K, committed 4032K, reserved 1048576K
}
Event: 2,087 GC heap after
{Heap after GC invocations=12 (full 1):
 PSYoungGen      total 24064K, used 832K [0x00000000eab00000, 0x00000000ec700000, 0x0000000100000000)
  eden space 23040K, 0% used [0x00000000eab00000,0x00000000eab00000,0x00000000ec180000)
  from space 1024K, 81% used [0x00000000ec380000,0x00000000ec450000,0x00000000ec480000)
  to   space 1536K, 0% used [0x00000000ec580000,0x00000000ec580000,0x00000000ec700000)
 ParOldGen       total 68608K, used 14023K [0x00000000c0000000, 0x00000000c4300000, 0x00000000eab00000)
  object space 68608K, 20% used [0x00000000c0000000,0x00000000c0db1ff8,0x00000000c4300000)
 Metaspace       used 35016K, committed 35840K, reserved 1081344K
  class space    used 3720K, committed 4032K, reserved 1048576K
}
Event: 2,087 GC heap before
{Heap before GC invocations=13 (full 2):
 PSYoungGen      total 24064K, used 832K [0x00000000eab00000, 0x00000000ec700000, 0x0000000100000000)
  eden space 23040K, 0% used [0x00000000eab00000,0x00000000eab00000,0x00000000ec180000)
  from space 1024K, 81% used [0x00000000ec380000,0x00000000ec450000,0x00000000ec480000)
  to   space 1536K, 0% used [0x00000000ec580000,0x00000000ec580000,0x00000000ec700000)
 ParOldGen       total 68608K, used 14023K [0x00000000c0000000, 0x00000000c4300000, 0x00000000eab00000)
  object space 68608K, 20% used [0x00000000c0000000,0x00000000c0db1ff8,0x00000000c4300000)
 Metaspace       used 35016K, committed 35840K, reserved 1081344K
  class space    used 3720K, committed 4032K, reserved 1048576K
}

