# JRE version: OpenJDK Runtime Environment (17.0.6+10) (build 17.0.6+10-Debian-1deb11u1)
# Java VM: OpenJDK 64-Bit Server VM (17.0.6+10-Debian-1deb11u1, mixed mode, sharing, tiered, compressed oops, compressed class ptrs, parallel gc, linux-amd64)
GC Precious Log:
 CPUs: 16 total, 16 available
 Memory: 31888M
 Large Page Support: Disabled
 NUMA Support: Disabled
 Compressed Oops: Enabled (32-bit)
 Alignments: Space 512K, Generation 512K, Heap 2M
 Heap Min Capacity: 100M
 Heap Initial Capacity: 100M
 Heap Max Capacity: 1G
 Pre-touch: Disabled
 Parallel Workers: 13
Heap:
 PSYoungGen      total 22016K, used 21862K [0x00000000eab00000, 0x00000000ec200000, 0x0000000100000000)
  eden space 20992K, 100% used [0x00000000eab00000,0x00000000ebf80000,0x00000000ebf80000)
  from space 1024K, 84% used [0x00000000ec080000,0x00000000ec159960,0x00000000ec180000)
  to   space 512K, 98% used [0x00000000ec180000,0x00000000ec1fdf50,0x00000000ec200000)
 ParOldGen       total 68608K, used 33389K [0x00000000c0000000, 0x00000000c4300000, 0x00000000eab00000)
  object space 68608K, 48% used [0x00000000c0000000,0x00000000c209b708,0x00000000c4300000)
 Metaspace       used 52962K, committed 53888K, reserved 1097728K
  class space    used 5654K, committed 6080K, reserved 1048576K
GC Heap History (20 events):
Event: 2,422 GC heap after
{Heap after GC invocations=16 (full 2):
 PSYoungGen      total 24576K, used 2080K [0x00000000eab00000, 0x00000000ec880000, 0x0000000100000000)
  eden space 22016K, 0% used [0x00000000eab00000,0x00000000eab00000,0x00000000ec080000)
  from space 2560K, 81% used [0x00000000ec600000,0x00000000ec808020,0x00000000ec880000)
  to   space 3072K, 0% used [0x00000000ec280000,0x00000000ec280000,0x00000000ec580000)
 ParOldGen       total 68608K, used 17939K [0x00000000c0000000, 0x00000000c4300000, 0x00000000eab00000)
  object space 68608K, 26% used [0x00000000c0000000,0x00000000c1184ee0,0x00000000c4300000)
 Metaspace       used 43263K, committed 44160K, reserved 1089536K
  class space    used 4689K, committed 5056K, reserved 1048576K
}
Event: 2,475 GC heap before
{Heap before GC invocations=17 (full 2):
 PSYoungGen      total 24576K, used 24096K [0x00000000eab00000, 0x00000000ec880000, 0x0000000100000000)
  eden space 22016K, 100% used [0x00000000eab00000,0x00000000ec080000,0x00000000ec080000)
  from space 2560K, 81% used [0x00000000ec600000,0x00000000ec808020,0x00000000ec880000)
  to   space 3072K, 0% used [0x00000000ec280000,0x00000000ec280000,0x00000000ec580000)
 ParOldGen       total 68608K, used 17939K [0x00000000c0000000, 0x00000000c4300000, 0x00000000eab00000)
  object space 68608K, 26% used [0x00000000c0000000,0x00000000c1184ee0,0x00000000c4300000)
 Metaspace       used 43447K, committed 44352K, reserved 1089536K
  class space    used 4707K, committed 5120K, reserved 1048576K
}
Event: 2,477 GC heap after
{Heap after GC invocations=17 (full 2):
 PSYoungGen      total 24576K, used 2368K [0x00000000eab00000, 0x00000000ec680000, 0x0000000100000000)
  eden space 22016K, 0% used [0x00000000eab00000,0x00000000eab00000,0x00000000ec080000)
  from space 2560K, 92% used [0x00000000ec280000,0x00000000ec4d0010,0x00000000ec500000)
  to   space 1536K, 0% used [0x00000000ec500000,0x00000000ec500000,0x00000000ec680000)
 ParOldGen       total 68608K, used 19875K [0x00000000c0000000, 0x00000000c4300000, 0x00000000eab00000)
  object space 68608K, 28% used [0x00000000c0000000,0x00000000c1368f00,0x00000000c4300000)
 Metaspace       used 43447K, committed 44352K, reserved 1089536K
  class space    used 4707K, committed 5120K, reserved 1048576K
}
Event: 2,529 GC heap before
{Heap before GC invocations=18 (full 2):
 PSYoungGen      total 24576K, used 24384K [0x00000000eab00000, 0x00000000ec680000, 0x0000000100000000)
  eden space 22016K, 100% used [0x00000000eab00000,0x00000000ec080000,0x00000000ec080000)
  from space 2560K, 92% used [0x00000000ec280000,0x00000000ec4d0010,0x00000000ec500000)
  to   space 1536K, 0% used [0x00000000ec500000,0x00000000ec500000,0x00000000ec680000)
 ParOldGen       total 68608K, used 19875K [0x00000000c0000000, 0x00000000c4300000, 0x00000000eab00000)
  object space 68608K, 28% used [0x00000000c0000000,0x00000000c1368f00,0x00000000c4300000)
 Metaspace       used 43510K, committed 44416K, reserved 1089536K
  class space    used 4718K, committed 5120K, reserved 1048576K
}
Event: 2,533 GC heap after
{Heap after GC invocations=18 (full 2):
 PSYoungGen      total 22528K, used 1504K [0x00000000eab00000, 0x00000000ecb80000, 0x0000000100000000)
  eden space 20992K, 0% used [0x00000000eab00000,0x00000000eab00000,0x00000000ebf80000)
  from space 1536K, 97% used [0x00000000ec500000,0x00000000ec678010,0x00000000ec680000)
  to   space 5632K, 0% used [0x00000000ebf80000,0x00000000ebf80000,0x00000000ec500000)
 ParOldGen       total 68608K, used 23144K [0x00000000c0000000, 0x00000000c4300000, 0x00000000eab00000)
  object space 68608K, 33% used [0x00000000c0000000,0x00000000c169a288,0x00000000c4300000)
 Metaspace       used 43510K, committed 44416K, reserved 1089536K
  class space    used 4718K, committed 5120K, reserved 1048576K
}
Event: 2,556 GC heap before
{Heap before GC invocations=19 (full 2):
 PSYoungGen      total 22528K, used 22496K [0x00000000eab00000, 0x00000000ecb80000, 0x0000000100000000)
  eden space 20992K, 100% used [0x00000000eab00000,0x00000000ebf80000,0x00000000ebf80000)
  from space 1536K, 97% used [0x00000000ec500000,0x00000000ec678010,0x00000000ec680000)
  to   space 5632K, 0% used [0x00000000ebf80000,0x00000000ebf80000,0x00000000ec500000)
 ParOldGen       total 68608K, used 23144K [0x00000000c0000000, 0x00000000c4300000, 0x00000000eab00000)
  object space 68608K, 33% used [0x00000000c0000000,0x00000000c169a288,0x00000000c4300000)
 Metaspace       used 43510K, committed 44416K, reserved 1089536K
  class space    used 4718K, committed 5120K, reserved 1048576K
}
Event: 2,559 GC heap after
{Heap after GC invocations=19 (full 2):
 PSYoungGen      total 23552K, used 2496K [0x00000000eab00000, 0x00000000ec680000, 0x0000000100000000)
  eden space 20992K, 0% used [0x00000000eab00000,0x00000000eab00000,0x00000000ebf80000)
  from space 2560K, 97% used [0x00000000ebf80000,0x00000000ec1f0000,0x00000000ec200000)
  to   space 3584K, 0% used [0x00000000ec300000,0x00000000ec300000,0x00000000ec680000)
 ParOldGen       total 68608K, used 24733K [0x00000000c0000000, 0x00000000c4300000, 0x00000000eab00000)
  object space 68608K, 36% used [0x00000000c0000000,0x00000000c18277e0,0x00000000c4300000)
 Metaspace       used 43510K, committed 44416K, reserved 1089536K
  class space    used 4718K, committed 5120K, reserved 1048576K
}
Event: 2,577 GC heap before
{Heap before GC invocations=20 (full 2):
 PSYoungGen      total 23552K, used 23488K [0x00000000eab00000, 0x00000000ec680000, 0x0000000100000000)
  eden space 20992K, 100% used [0x00000000eab00000,0x00000000ebf80000,0x00000000ebf80000)
  from space 2560K, 97% used [0x00000000ebf80000,0x00000000ec1f0000,0x00000000ec200000)
  to   space 3584K, 0% used [0x00000000ec300000,0x00000000ec300000,0x00000000ec680000)
 ParOldGen       total 68608K, used 24733K [0x00000000c0000000, 0x00000000c4300000, 0x00000000eab00000)
  object space 68608K, 36% used [0x00000000c0000000,0x00000000c18277e0,0x00000000c4300000)
 Metaspace       used 43510K, committed 44416K, reserved 1089536K
  class space    used 4718K, committed 5120K, reserved 1048576K
}
Event: 2,580 GC heap after
{Heap after GC invocations=20 (full 2):
 PSYoungGen      total 23552K, used 2496K [0x00000000eab00000, 0x00000000ec580000, 0x0000000100000000)
  eden space 20992K, 0% used [0x00000000eab00000,0x00000000eab00000,0x00000000ebf80000)
  from space 2560K, 97% used [0x00000000ec300000,0x00000000ec570010,0x00000000ec580000)
  to   space 3072K, 0% used [0x00000000ebf80000,0x00000000ebf80000,0x00000000ec280000)
 ParOldGen       total 68608K, used 27069K [0x00000000c0000000, 0x00000000c4300000, 0x00000000eab00000)
  object space 68608K, 39% used [0x00000000c0000000,0x00000000c1a6f7e0,0x00000000c4300000)
 Metaspace       used 43510K, committed 44416K, reserved 1089536K
  class space    used 4718K, committed 5120K, reserved 1048576K
}
Event: 2,845 GC heap before
{Heap before GC invocations=21 (full 2):
 PSYoungGen      total 23552K, used 23488K [0x00000000eab00000, 0x00000000ec580000, 0x0000000100000000)
  eden space 20992K, 100% used [0x00000000eab00000,0x00000000ebf80000,0x00000000ebf80000)
  from space 2560K, 97% used [0x00000000ec300000,0x00000000ec570010,0x00000000ec580000)
  to   space 3072K, 0% used [0x00000000ebf80000,0x00000000ebf80000,0x00000000ec280000)
 ParOldGen       total 68608K, used 27069K [0x00000000c0000000, 0x00000000c4300000, 0x00000000eab00000)
  object space 68608K, 39% used [0x00000000c0000000,0x00000000c1a6f7e0,0x00000000c4300000)
 Metaspace       used 44123K, committed 45056K, reserved 1089536K
  class space    used 4760K, committed 5184K, reserved 1048576K
}
Event: 2,847 GC heap after
{Heap after GC invocations=21 (full 2):
 PSYoungGen      total 23040K, used 1931K [0x00000000eab00000, 0x00000000ec480000, 0x0000000100000000)
  eden space 20992K, 0% used [0x00000000eab00000,0x00000000eab00000,0x00000000ebf80000)
  from space 2048K, 94% used [0x00000000ebf80000,0x00000000ec162c48,0x00000000ec180000)
  to   space 2560K, 0% used [0x00000000ec200000,0x00000000ec200000,0x00000000ec480000)
 ParOldGen       total 68608K, used 29428K [0x00000000c0000000, 0x00000000c4300000, 0x00000000eab00000)
  object space 68608K, 42% used [0x00000000c0000000,0x00000000c1cbd070,0x00000000c4300000)
 Metaspace       used 44123K, committed 45056K, reserved 1089536K
  class space    used 4760K, committed 5184K, reserved 1048576K
}
Event: 2,974 GC heap before
{Heap before GC invocations=22 (full 2):
 PSYoungGen      total 23040K, used 22918K [0x00000000eab00000, 0x00000000ec480000, 0x0000000100000000)
  eden space 20992K, 99% used [0x00000000eab00000,0x00000000ebf7ede8,0x00000000ebf80000)
  from space 2048K, 94% used [0x00000000ebf80000,0x00000000ec162c48,0x00000000ec180000)
  to   space 2560K, 0% used [0x00000000ec200000,0x00000000ec200000,0x00000000ec480000)
 ParOldGen       total 68608K, used 29428K [0x00000000c0000000, 0x00000000c4300000, 0x00000000eab00000)
  object space 68608K, 42% used [0x00000000c0000000,0x00000000c1cbd070,0x00000000c4300000)
 Metaspace       used 46796K, committed 47680K, reserved 1097728K
  class space    used 5035K, committed 5440K, reserved 1048576K
}
Event: 2,977 GC heap after
{Heap after GC invocations=22 (full 2):
 PSYoungGen      total 22016K, used 824K [0x00000000eab00000, 0x00000000ec300000, 0x0000000100000000)
  eden space 20992K, 0% used [0x00000000eab00000,0x00000000eab00000,0x00000000ebf80000)
  from space 1024K, 80% used [0x00000000ec200000,0x00000000ec2ce098,0x00000000ec300000)
  to   space 1536K, 0% used [0x00000000ec000000,0x00000000ec000000,0x00000000ec180000)
 ParOldGen       total 68608K, used 31196K [0x00000000c0000000, 0x00000000c4300000, 0x00000000eab00000)
  object space 68608K, 45% used [0x00000000c0000000,0x00000000c1e77010,0x00000000c4300000)
 Metaspace       used 46796K, committed 47680K, reserved 1097728K
  class space    used 5035K, committed 5440K, reserved 1048576K
}
Event: 3,095 GC heap before
{Heap before GC invocations=23 (full 2):
 PSYoungGen      total 22016K, used 21816K [0x00000000eab00000, 0x00000000ec300000, 0x0000000100000000)
  eden space 20992K, 100% used [0x00000000eab00000,0x00000000ebf80000,0x00000000ebf80000)
  from space 1024K, 80% used [0x00000000ec200000,0x00000000ec2ce098,0x00000000ec300000)
  to   space 1536K, 0% used [0x00000000ec000000,0x00000000ec000000,0x00000000ec180000)
 ParOldGen       total 68608K, used 31196K [0x00000000c0000000, 0x00000000c4300000, 0x00000000eab00000)
  object space 68608K, 45% used [0x00000000c0000000,0x00000000c1e77010,0x00000000c4300000)
 Metaspace       used 48442K, committed 49344K, reserved 1097728K
  class space    used 5186K, committed 5568K, reserved 1048576K
}
Event: 3,096 GC heap after
{Heap after GC invocations=23 (full 2):
 PSYoungGen      total 22528K, used 1459K [0x00000000eab00000, 0x00000000ec380000, 0x0000000100000000)
  eden space 20992K, 0% used [0x00000000eab00000,0x00000000eab00000,0x00000000ebf80000)
  from space 1536K, 94% used [0x00000000ec000000,0x00000000ec16cc68,0x00000000ec180000)
  to   space 2048K, 0% used [0x00000000ec180000,0x00000000ec180000,0x00000000ec380000)
 ParOldGen       total 68608K, used 32001K [0x00000000c0000000, 0x00000000c4300000, 0x00000000eab00000)
  object space 68608K, 46% used [0x00000000c0000000,0x00000000c1f40618,0x00000000c4300000)
 Metaspace       used 48442K, committed 49344K, reserved 1097728K
  class space    used 5186K, committed 5568K, reserved 1048576K
}
Event: 3,138 GC heap before
{Heap before GC invocations=24 (full 2):
 PSYoungGen      total 22528K, used 22451K [0x00000000eab00000, 0x00000000ec380000, 0x0000000100000000)
  eden space 20992K, 100% used [0x00000000eab00000,0x00000000ebf80000,0x00000000ebf80000)
  from space 1536K, 94% used [0x00000000ec000000,0x00000000ec16cc68,0x00000000ec180000)
  to   space 2048K, 0% used [0x00000000ec180000,0x00000000ec180000,0x00000000ec380000)
 ParOldGen       total 68608K, used 32001K [0x00000000c0000000, 0x00000000c4300000, 0x00000000eab00000)
  object space 68608K, 46% used [0x00000000c0000000,0x00000000c1f40618,0x00000000c4300000)
 Metaspace       used 48475K, committed 49344K, reserved 1097728K
  class space    used 5186K, committed 5568K, reserved 1048576K
}
Event: 3,140 GC heap after
{Heap after GC invocations=24 (full 2):
 PSYoungGen      total 22016K, used 734K [0x00000000eab00000, 0x00000000ec280000, 0x0000000100000000)
  eden space 20992K, 0% used [0x00000000eab00000,0x00000000eab00000,0x00000000ebf80000)
  from space 1024K, 71% used [0x00000000ec180000,0x00000000ec2378b0,0x00000000ec280000)
  to   space 1024K, 0% used [0x00000000ec080000,0x00000000ec080000,0x00000000ec180000)
 ParOldGen       total 68608K, used 32723K [0x00000000c0000000, 0x00000000c4300000, 0x00000000eab00000)
  object space 68608K, 47% used [0x00000000c0000000,0x00000000c1ff4f18,0x00000000c4300000)
 Metaspace       used 48475K, committed 49344K, reserved 1097728K
  class space    used 5186K, committed 5568K, reserved 1048576K
}
Event: 3,298 GC heap before
{Heap before GC invocations=25 (full 2):
 PSYoungGen      total 22016K, used 21726K [0x00000000eab00000, 0x00000000ec280000, 0x0000000100000000)
  eden space 20992K, 99% used [0x00000000eab00000,0x00000000ebf7fff8,0x00000000ebf80000)
  from space 1024K, 71% used [0x00000000ec180000,0x00000000ec2378b0,0x00000000ec280000)
  to   space 1024K, 0% used [0x00000000ec080000,0x00000000ec080000,0x00000000ec180000)
 ParOldGen       total 68608K, used 32723K [0x00000000c0000000, 0x00000000c4300000, 0x00000000eab00000)
  object space 68608K, 47% used [0x00000000c0000000,0x00000000c1ff4f88,0x00000000c4300000)
 Metaspace       used 50226K, committed 51072K, reserved 1097728K
  class space    used 5346K, committed 5760K, reserved 1048576K
}
Event: 3,299 GC heap after
{Heap after GC invocations=25 (full 2):
 PSYoungGen      total 22016K, used 870K [0x00000000eab00000, 0x00000000ec200000, 0x0000000100000000)
  eden space 20992K, 0% used [0x00000000eab00000,0x00000000eab00000,0x00000000ebf80000)
  from space 1024K, 84% used [0x00000000ec080000,0x00000000ec159960,0x00000000ec180000)
  to   space 512K, 0% used [0x00000000ec180000,0x00000000ec180000,0x00000000ec200000)
 ParOldGen       total 68608K, used 32747K [0x00000000c0000000, 0x00000000c4300000, 0x00000000eab00000)
  object space 68608K, 47% used [0x00000000c0000000,0x00000000c1ffaf88,0x00000000c4300000)
 Metaspace       used 50226K, committed 51072K, reserved 1097728K
  class space    used 5346K, committed 5760K, reserved 1048576K
}
Event: 3,495 GC heap before
{Heap before GC invocations=26 (full 2):
 PSYoungGen      total 22016K, used 21862K [0x00000000eab00000, 0x00000000ec200000, 0x0000000100000000)
  eden space 20992K, 100% used [0x00000000eab00000,0x00000000ebf80000,0x00000000ebf80000)
  from space 1024K, 84% used [0x00000000ec080000,0x00000000ec159960,0x00000000ec180000)
  to   space 512K, 0% used [0x00000000ec180000,0x00000000ec180000,0x00000000ec200000)
 ParOldGen       total 68608K, used 32772K [0x00000000c0000000, 0x00000000c4300000, 0x00000000eab00000)
  object space 68608K, 47% used [0x00000000c0000000,0x00000000c20010d0,0x00000000c4300000)
 Metaspace       used 52962K, committed 53888K, reserved 1097728K
  class space    used 5654K, committed 6080K, reserved 1048576K
}

