# JRE version: OpenJDK Runtime Environment (17.0.6+10) (build 17.0.6+10-Debian-1deb11u1)
# Java VM: OpenJDK 64-Bit Server VM (17.0.6+10-Debian-1deb11u1, mixed mode, sharing, tiered, compressed oops, compressed class ptrs, parallel gc, linux-amd64)
GC Precious Log:
 CPUs: 16 total, 16 available
 Memory: 31888M
 Large Page Support: Disabled
 NUMA Support: Disabled
 Compressed Oops: Enabled (32-bit)
 Alignments: Space 512K, Generation 512K, Heap 2M
 Heap Min Capacity: 100M
 Heap Initial Capacity: 100M
 Heap Max Capacity: 1G
 Pre-touch: Disabled
 Parallel Workers: 13
Heap:
 PSYoungGen      total 24576K, used 10342K [0x00000000eab00000, 0x00000000ec680000, 0x0000000100000000)
  eden space 21504K, 35% used [0x00000000eab00000,0x00000000eb26fa78,0x00000000ec000000)
  from space 3072K, 88% used [0x00000000ec380000,0x00000000ec62a040,0x00000000ec680000)
  to   space 3072K, 0% used [0x00000000ec080000,0x00000000ec080000,0x00000000ec380000)
 ParOldGen       total 68608K, used 23139K [0x00000000c0000000, 0x00000000c4300000, 0x00000000eab00000)
  object space 68608K, 33% used [0x00000000c0000000,0x00000000c1698d38,0x00000000c4300000)
 Metaspace       used 30279K, committed 30976K, reserved 1081344K
  class space    used 3036K, committed 3328K, reserved 1048576K
GC Heap History (20 events):
Event: 1,672 GC heap before
{Heap before GC invocations=6 (full 0):
 PSYoungGen      total 29184K, used 11033K [0x00000000eab00000, 0x00000000ecd80000, 0x0000000100000000)
  eden space 25088K, 27% used [0x00000000eab00000,0x00000000eb1c6b78,0x00000000ec380000)
  from space 4096K, 99% used [0x00000000ec400000,0x00000000ec7ff958,0x00000000ec800000)
  to   space 5120K, 0% used [0x00000000ec880000,0x00000000ec880000,0x00000000ecd80000)
 ParOldGen       total 68608K, used 3951K [0x00000000c0000000, 0x00000000c4300000, 0x00000000eab00000)
  object space 68608K, 5% used [0x00000000c0000000,0x00000000c03dbd38,0x00000000c4300000)
 Metaspace       used 21058K, committed 21504K, reserved 1073152K
  class space    used 1950K, committed 2176K, reserved 1048576K
}
Event: 1,673 GC heap after
{Heap after GC invocations=6 (full 0):
 PSYoungGen      total 30208K, used 4765K [0x00000000eab00000, 0x00000000ecd80000, 0x0000000100000000)
  eden space 25088K, 0% used [0x00000000eab00000,0x00000000eab00000,0x00000000ec380000)
  from space 5120K, 93% used [0x00000000ec880000,0x00000000ecd274a0,0x00000000ecd80000)
  to   space 5120K, 0% used [0x00000000ec380000,0x00000000ec380000,0x00000000ec880000)
 ParOldGen       total 68608K, used 3959K [0x00000000c0000000, 0x00000000c4300000, 0x00000000eab00000)
  object space 68608K, 5% used [0x00000000c0000000,0x00000000c03ddd38,0x00000000c4300000)
 Metaspace       used 21058K, committed 21504K, reserved 1073152K
  class space    used 1950K, committed 2176K, reserved 1048576K
}
Event: 1,673 GC heap before
{Heap before GC invocations=7 (full 1):
 PSYoungGen      total 30208K, used 4765K [0x00000000eab00000, 0x00000000ecd80000, 0x0000000100000000)
  eden space 25088K, 0% used [0x00000000eab00000,0x00000000eab00000,0x00000000ec380000)
  from space 5120K, 93% used [0x00000000ec880000,0x00000000ecd274a0,0x00000000ecd80000)
  to   space 5120K, 0% used [0x00000000ec380000,0x00000000ec380000,0x00000000ec880000)
 ParOldGen       total 68608K, used 3959K [0x00000000c0000000, 0x00000000c4300000, 0x00000000eab00000)
  object space 68608K, 5% used [0x00000000c0000000,0x00000000c03ddd38,0x00000000c4300000)
 Metaspace       used 21058K, committed 21504K, reserved 1073152K
  class space    used 1950K, committed 2176K, reserved 1048576K
}
Event: 1,689 GC heap after
{Heap after GC invocations=7 (full 1):
 PSYoungGen      total 30208K, used 0K [0x00000000eab00000, 0x00000000ecd80000, 0x0000000100000000)
  eden space 25088K, 0% used [0x00000000eab00000,0x00000000eab00000,0x00000000ec380000)
  from space 5120K, 0% used [0x00000000ec880000,0x00000000ec880000,0x00000000ecd80000)
  to   space 5120K, 0% used [0x00000000ec380000,0x00000000ec380000,0x00000000ec880000)
 ParOldGen       total 68608K, used 8259K [0x00000000c0000000, 0x00000000c4300000, 0x00000000eab00000)
  object space 68608K, 12% used [0x00000000c0000000,0x00000000c0810fd8,0x00000000c4300000)
 Metaspace       used 21045K, committed 21504K, reserved 1073152K
  class space    used 1946K, committed 2176K, reserved 1048576K
}
Event: 1,948 GC heap before
{Heap before GC invocations=8 (full 1):
 PSYoungGen      total 30208K, used 25088K [0x00000000eab00000, 0x00000000ecd80000, 0x0000000100000000)
  eden space 25088K, 100% used [0x00000000eab00000,0x00000000ec380000,0x00000000ec380000)
  from space 5120K, 0% used [0x00000000ec880000,0x00000000ec880000,0x00000000ecd80000)
  to   space 5120K, 0% used [0x00000000ec380000,0x00000000ec380000,0x00000000ec880000)
 ParOldGen       total 68608K, used 8259K [0x00000000c0000000, 0x00000000c4300000, 0x00000000eab00000)
  object space 68608K, 12% used [0x00000000c0000000,0x00000000c0810fd8,0x00000000c4300000)
 Metaspace       used 25236K, committed 25920K, reserved 1073152K
  class space    used 2468K, committed 2752K, reserved 1048576K
}
Event: 1,949 GC heap after
{Heap after GC invocations=8 (full 1):
 PSYoungGen      total 26112K, used 1510K [0x00000000eab00000, 0x00000000ec900000, 0x0000000100000000)
  eden space 24576K, 0% used [0x00000000eab00000,0x00000000eab00000,0x00000000ec300000)
  from space 1536K, 98% used [0x00000000ec380000,0x00000000ec4f99f0,0x00000000ec500000)
  to   space 3072K, 0% used [0x00000000ec600000,0x00000000ec600000,0x00000000ec900000)
 ParOldGen       total 68608K, used 8267K [0x00000000c0000000, 0x00000000c4300000, 0x00000000eab00000)
  object space 68608K, 12% used [0x00000000c0000000,0x00000000c0812fd8,0x00000000c4300000)
 Metaspace       used 25236K, committed 25920K, reserved 1073152K
  class space    used 2468K, committed 2752K, reserved 1048576K
}
Event: 2,150 GC heap before
{Heap before GC invocations=9 (full 1):
 PSYoungGen      total 26112K, used 26086K [0x00000000eab00000, 0x00000000ec900000, 0x0000000100000000)
  eden space 24576K, 100% used [0x00000000eab00000,0x00000000ec300000,0x00000000ec300000)
  from space 1536K, 98% used [0x00000000ec380000,0x00000000ec4f99f0,0x00000000ec500000)
  to   space 3072K, 0% used [0x00000000ec600000,0x00000000ec600000,0x00000000ec900000)
 ParOldGen       total 68608K, used 8267K [0x00000000c0000000, 0x00000000c4300000, 0x00000000eab00000)
  object space 68608K, 12% used [0x00000000c0000000,0x00000000c0812fd8,0x00000000c4300000)
 Metaspace       used 27706K, committed 28288K, reserved 1081344K
  class space    used 2737K, committed 2944K, reserved 1048576K
}
Event: 2,152 GC heap after
{Heap after GC invocations=9 (full 1):
 PSYoungGen      total 27136K, used 3045K [0x00000000eab00000, 0x00000000ec980000, 0x0000000100000000)
  eden space 24064K, 0% used [0x00000000eab00000,0x00000000eab00000,0x00000000ec280000)
  from space 3072K, 99% used [0x00000000ec600000,0x00000000ec8f96b8,0x00000000ec900000)
  to   space 3584K, 0% used [0x00000000ec280000,0x00000000ec280000,0x00000000ec600000)
 ParOldGen       total 68608K, used 8379K [0x00000000c0000000, 0x00000000c4300000, 0x00000000eab00000)
  object space 68608K, 12% used [0x00000000c0000000,0x00000000c082eff8,0x00000000c4300000)
 Metaspace       used 27706K, committed 28288K, reserved 1081344K
  class space    used 2737K, committed 2944K, reserved 1048576K
}
Event: 2,251 GC heap before
{Heap before GC invocations=10 (full 1):
 PSYoungGen      total 27136K, used 27109K [0x00000000eab00000, 0x00000000ec980000, 0x0000000100000000)
  eden space 24064K, 100% used [0x00000000eab00000,0x00000000ec280000,0x00000000ec280000)
  from space 3072K, 99% used [0x00000000ec600000,0x00000000ec8f96b8,0x00000000ec900000)
  to   space 3584K, 0% used [0x00000000ec280000,0x00000000ec280000,0x00000000ec600000)
 ParOldGen       total 68608K, used 8379K [0x00000000c0000000, 0x00000000c4300000, 0x00000000eab00000)
  object space 68608K, 12% used [0x00000000c0000000,0x00000000c082eff8,0x00000000c4300000)
 Metaspace       used 27917K, committed 28544K, reserved 1081344K
  class space    used 2757K, committed 3008K, reserved 1048576K
}
Event: 2,254 GC heap after
{Heap after GC invocations=10 (full 1):
 PSYoungGen      total 27136K, used 3573K [0x00000000eab00000, 0x00000000ecd00000, 0x0000000100000000)
  eden space 23552K, 0% used [0x00000000eab00000,0x00000000eab00000,0x00000000ec200000)
  from space 3584K, 99% used [0x00000000ec280000,0x00000000ec5fd698,0x00000000ec600000)
  to   space 5632K, 0% used [0x00000000ec780000,0x00000000ec780000,0x00000000ecd00000)
 ParOldGen       total 68608K, used 9996K [0x00000000c0000000, 0x00000000c4300000, 0x00000000eab00000)
  object space 68608K, 14% used [0x00000000c0000000,0x00000000c09c3018,0x00000000c4300000)
 Metaspace       used 27917K, committed 28544K, reserved 1081344K
  class space    used 2757K, committed 3008K, reserved 1048576K
}
Event: 2,308 GC heap before
{Heap before GC invocations=11 (full 1):
 PSYoungGen      total 27136K, used 27125K [0x00000000eab00000, 0x00000000ecd00000, 0x0000000100000000)
  eden space 23552K, 100% used [0x00000000eab00000,0x00000000ec200000,0x00000000ec200000)
  from space 3584K, 99% used [0x00000000ec280000,0x00000000ec5fd698,0x00000000ec600000)
  to   space 5632K, 0% used [0x00000000ec780000,0x00000000ec780000,0x00000000ecd00000)
 ParOldGen       total 68608K, used 9996K [0x00000000c0000000, 0x00000000c4300000, 0x00000000eab00000)
  object space 68608K, 14% used [0x00000000c0000000,0x00000000c09c3018,0x00000000c4300000)
 Metaspace       used 27928K, committed 28544K, reserved 1081344K
  class space    used 2757K, committed 3008K, reserved 1048576K
}
Event: 2,313 GC heap after
{Heap after GC invocations=11 (full 1):
 PSYoungGen      total 27136K, used 3794K [0x00000000eab00000, 0x00000000ecb80000, 0x0000000100000000)
  eden space 23040K, 0% used [0x00000000eab00000,0x00000000eab00000,0x00000000ec180000)
  from space 4096K, 92% used [0x00000000ec780000,0x00000000ecb34b28,0x00000000ecb80000)
  to   space 4608K, 0% used [0x00000000ec280000,0x00000000ec280000,0x00000000ec700000)
 ParOldGen       total 68608K, used 12198K [0x00000000c0000000, 0x00000000c4300000, 0x00000000eab00000)
  object space 68608K, 17% used [0x00000000c0000000,0x00000000c0be9be8,0x00000000c4300000)
 Metaspace       used 27928K, committed 28544K, reserved 1081344K
  class space    used 2757K, committed 3008K, reserved 1048576K
}
Event: 2,371 GC heap before
{Heap before GC invocations=12 (full 1):
 PSYoungGen      total 27136K, used 26834K [0x00000000eab00000, 0x00000000ecb80000, 0x0000000100000000)
  eden space 23040K, 100% used [0x00000000eab00000,0x00000000ec180000,0x00000000ec180000)
  from space 4096K, 92% used [0x00000000ec780000,0x00000000ecb34b28,0x00000000ecb80000)
  to   space 4608K, 0% used [0x00000000ec280000,0x00000000ec280000,0x00000000ec700000)
 ParOldGen       total 68608K, used 12198K [0x00000000c0000000, 0x00000000c4300000, 0x00000000eab00000)
  object space 68608K, 17% used [0x00000000c0000000,0x00000000c0be9be8,0x00000000c4300000)
 Metaspace       used 28062K, committed 28736K, reserved 1081344K
  class space    used 2773K, committed 3008K, reserved 1048576K
}
Event: 2,377 GC heap after
{Heap after GC invocations=12 (full 1):
 PSYoungGen      total 25600K, used 2848K [0x00000000eab00000, 0x00000000ec800000, 0x0000000100000000)
  eden space 22528K, 0% used [0x00000000eab00000,0x00000000eab00000,0x00000000ec100000)
  from space 3072K, 92% used [0x00000000ec280000,0x00000000ec548010,0x00000000ec580000)
  to   space 2560K, 0% used [0x00000000ec580000,0x00000000ec580000,0x00000000ec800000)
 ParOldGen       total 68608K, used 15793K [0x00000000c0000000, 0x00000000c4300000, 0x00000000eab00000)
  object space 68608K, 23% used [0x00000000c0000000,0x00000000c0f6c710,0x00000000c4300000)
 Metaspace       used 28062K, committed 28736K, reserved 1081344K
  class space    used 2773K, committed 3008K, reserved 1048576K
}
Event: 2,410 GC heap before
{Heap before GC invocations=13 (full 1):
 PSYoungGen      total 25600K, used 25376K [0x00000000eab00000, 0x00000000ec800000, 0x0000000100000000)
  eden space 22528K, 100% used [0x00000000eab00000,0x00000000ec100000,0x00000000ec100000)
  from space 3072K, 92% used [0x00000000ec280000,0x00000000ec548010,0x00000000ec580000)
  to   space 2560K, 0% used [0x00000000ec580000,0x00000000ec580000,0x00000000ec800000)
 ParOldGen       total 68608K, used 15793K [0x00000000c0000000, 0x00000000c4300000, 0x00000000eab00000)
  object space 68608K, 23% used [0x00000000c0000000,0x00000000c0f6c710,0x00000000c4300000)
 Metaspace       used 28062K, committed 28736K, reserved 1081344K
  class space    used 2773K, committed 3008K, reserved 1048576K
}
Event: 2,414 GC heap after
{Heap after GC invocations=13 (full 1):
 PSYoungGen      total 24064K, used 2528K [0x00000000eab00000, 0x00000000ecb80000, 0x0000000100000000)
  eden space 21504K, 0% used [0x00000000eab00000,0x00000000eab00000,0x00000000ec000000)
  from space 2560K, 98% used [0x00000000ec580000,0x00000000ec7f8010,0x00000000ec800000)
  to   space 5632K, 0% used [0x00000000ec000000,0x00000000ec000000,0x00000000ec580000)
 ParOldGen       total 68608K, used 18435K [0x00000000c0000000, 0x00000000c4300000, 0x00000000eab00000)
  object space 68608K, 26% used [0x00000000c0000000,0x00000000c1200d28,0x00000000c4300000)
 Metaspace       used 28062K, committed 28736K, reserved 1081344K
  class space    used 2773K, committed 3008K, reserved 1048576K
}
Event: 2,446 GC heap before
{Heap before GC invocations=14 (full 1):
 PSYoungGen      total 24064K, used 24032K [0x00000000eab00000, 0x00000000ecb80000, 0x0000000100000000)
  eden space 21504K, 100% used [0x00000000eab00000,0x00000000ec000000,0x00000000ec000000)
  from space 2560K, 98% used [0x00000000ec580000,0x00000000ec7f8010,0x00000000ec800000)
  to   space 5632K, 0% used [0x00000000ec000000,0x00000000ec000000,0x00000000ec580000)
 ParOldGen       total 68608K, used 18435K [0x00000000c0000000, 0x00000000c4300000, 0x00000000eab00000)
  object space 68608K, 26% used [0x00000000c0000000,0x00000000c1200d28,0x00000000c4300000)
 Metaspace       used 28062K, committed 28736K, reserved 1081344K
  class space    used 2773K, committed 3008K, reserved 1048576K
}
Event: 2,449 GC heap after
{Heap after GC invocations=14 (full 1):
 PSYoungGen      total 24064K, used 2368K [0x00000000eab00000, 0x00000000ec700000, 0x0000000100000000)
  eden space 21504K, 0% used [0x00000000eab00000,0x00000000eab00000,0x00000000ec000000)
  from space 2560K, 92% used [0x00000000ec000000,0x00000000ec250000,0x00000000ec280000)
  to   space 3584K, 0% used [0x00000000ec380000,0x00000000ec380000,0x00000000ec700000)
 ParOldGen       total 68608K, used 20995K [0x00000000c0000000, 0x00000000c4300000, 0x00000000eab00000)
  object space 68608K, 30% used [0x00000000c0000000,0x00000000c1480d38,0x00000000c4300000)
 Metaspace       used 28062K, committed 28736K, reserved 1081344K
  class space    used 2773K, committed 3008K, reserved 1048576K
}
Event: 2,544 GC heap before
{Heap before GC invocations=15 (full 1):
 PSYoungGen      total 24064K, used 23847K [0x00000000eab00000, 0x00000000ec700000, 0x0000000100000000)
  eden space 21504K, 99% used [0x00000000eab00000,0x00000000ebff9d70,0x00000000ec000000)
  from space 2560K, 92% used [0x00000000ec000000,0x00000000ec250000,0x00000000ec280000)
  to   space 3584K, 0% used [0x00000000ec380000,0x00000000ec380000,0x00000000ec700000)
 ParOldGen       total 68608K, used 20995K [0x00000000c0000000, 0x00000000c4300000, 0x00000000eab00000)
  object space 68608K, 30% used [0x00000000c0000000,0x00000000c1480d38,0x00000000c4300000)
 Metaspace       used 29134K, committed 29888K, reserved 1081344K
  class space    used 2891K, committed 3200K, reserved 1048576K
}
Event: 2,547 GC heap after
{Heap after GC invocations=15 (full 1):
 PSYoungGen      total 24576K, used 2728K [0x00000000eab00000, 0x00000000ec680000, 0x0000000100000000)
  eden space 21504K, 0% used [0x00000000eab00000,0x00000000eab00000,0x00000000ec000000)
  from space 3072K, 88% used [0x00000000ec380000,0x00000000ec62a040,0x00000000ec680000)
  to   space 3072K, 0% used [0x00000000ec080000,0x00000000ec080000,0x00000000ec380000)
 ParOldGen       total 68608K, used 23139K [0x00000000c0000000, 0x00000000c4300000, 0x00000000eab00000)
  object space 68608K, 33% used [0x00000000c0000000,0x00000000c1698d38,0x00000000c4300000)
 Metaspace       used 29134K, committed 29888K, reserved 1081344K
  class space    used 2891K, committed 3200K, reserved 1048576K
}

