# JRE version: OpenJDK Runtime Environment (17.0.6+10) (build 17.0.6+10-Debian-1deb11u1)
# Java VM: OpenJDK 64-Bit Server VM (17.0.6+10-Debian-1deb11u1, mixed mode, sharing, tiered, compressed oops, compressed class ptrs, parallel gc, linux-amd64)
GC Precious Log:
 CPUs: 16 total, 16 available
 Memory: 31888M
 Large Page Support: Disabled
 NUMA Support: Disabled
 Compressed Oops: Enabled (32-bit)
 Alignments: Space 512K, Generation 512K, Heap 2M
 Heap Min Capacity: 100M
 Heap Initial Capacity: 100M
 Heap Max Capacity: 1G
 Pre-touch: Disabled
 Parallel Workers: 13
Heap:
 PSYoungGen      total 22016K, used 14796K [0x00000000eab00000, 0x00000000ec200000, 0x0000000100000000)
  eden space 20480K, 66% used [0x00000000eab00000,0x00000000eb8531c8,0x00000000ebf00000)
  from space 1536K, 75% used [0x00000000ec080000,0x00000000ec1a0000,0x00000000ec200000)
  to   space 1536K, 0% used [0x00000000ebf00000,0x00000000ebf00000,0x00000000ec080000)
 ParOldGen       total 68608K, used 34672K [0x00000000c0000000, 0x00000000c4300000, 0x00000000eab00000)
  object space 68608K, 50% used [0x00000000c0000000,0x00000000c21dc1f0,0x00000000c4300000)
 Metaspace       used 55637K, committed 56576K, reserved 1105920K
  class space    used 5892K, committed 6336K, reserved 1048576K
GC Heap History (20 events):
Event: 2,387 GC heap before
{Heap before GC invocations=19 (full 2):
 PSYoungGen      total 22016K, used 21984K [0x00000000eab00000, 0x00000000ecb80000, 0x0000000100000000)
  eden space 20480K, 100% used [0x00000000eab00000,0x00000000ebf00000,0x00000000ebf00000)
  from space 1536K, 97% used [0x00000000ec480000,0x00000000ec5f8010,0x00000000ec600000)
  to   space 5632K, 0% used [0x00000000ebf00000,0x00000000ebf00000,0x00000000ec480000)
 ParOldGen       total 68608K, used 23215K [0x00000000c0000000, 0x00000000c4300000, 0x00000000eab00000)
  object space 68608K, 33% used [0x00000000c0000000,0x00000000c16abd60,0x00000000c4300000)
 Metaspace       used 43863K, committed 44672K, reserved 1089536K
  class space    used 4751K, committed 5056K, reserved 1048576K
}
Event: 2,389 GC heap after
{Heap after GC invocations=19 (full 2):
 PSYoungGen      total 23040K, used 2432K [0x00000000eab00000, 0x00000000ec600000, 0x0000000100000000)
  eden space 20480K, 0% used [0x00000000eab00000,0x00000000eab00000,0x00000000ebf00000)
  from space 2560K, 95% used [0x00000000ebf00000,0x00000000ec160000,0x00000000ec180000)
  to   space 3584K, 0% used [0x00000000ec280000,0x00000000ec280000,0x00000000ec600000)
 ParOldGen       total 68608K, used 24788K [0x00000000c0000000, 0x00000000c4300000, 0x00000000eab00000)
  object space 68608K, 36% used [0x00000000c0000000,0x00000000c18352b8,0x00000000c4300000)
 Metaspace       used 43863K, committed 44672K, reserved 1089536K
  class space    used 4751K, committed 5056K, reserved 1048576K
}
Event: 2,418 GC heap before
{Heap before GC invocations=20 (full 2):
 PSYoungGen      total 23040K, used 22912K [0x00000000eab00000, 0x00000000ec600000, 0x0000000100000000)
  eden space 20480K, 100% used [0x00000000eab00000,0x00000000ebf00000,0x00000000ebf00000)
  from space 2560K, 95% used [0x00000000ebf00000,0x00000000ec160000,0x00000000ec180000)
  to   space 3584K, 0% used [0x00000000ec280000,0x00000000ec280000,0x00000000ec600000)
 ParOldGen       total 68608K, used 24788K [0x00000000c0000000, 0x00000000c4300000, 0x00000000eab00000)
  object space 68608K, 36% used [0x00000000c0000000,0x00000000c18352b8,0x00000000c4300000)
 Metaspace       used 43863K, committed 44672K, reserved 1089536K
  class space    used 4751K, committed 5056K, reserved 1048576K
}
Event: 2,421 GC heap after
{Heap after GC invocations=20 (full 2):
 PSYoungGen      total 23552K, used 2560K [0x00000000eab00000, 0x00000000ec580000, 0x0000000100000000)
  eden space 20480K, 0% used [0x00000000eab00000,0x00000000eab00000,0x00000000ebf00000)
  from space 3072K, 83% used [0x00000000ec280000,0x00000000ec500010,0x00000000ec580000)
  to   space 3072K, 0% used [0x00000000ebf80000,0x00000000ebf80000,0x00000000ec280000)
 ParOldGen       total 68608K, used 27052K [0x00000000c0000000, 0x00000000c4300000, 0x00000000eab00000)
  object space 68608K, 39% used [0x00000000c0000000,0x00000000c1a6b2b8,0x00000000c4300000)
 Metaspace       used 43863K, committed 44672K, reserved 1089536K
  class space    used 4751K, committed 5056K, reserved 1048576K
}
Event: 2,619 GC heap before
{Heap before GC invocations=21 (full 2):
 PSYoungGen      total 23552K, used 23040K [0x00000000eab00000, 0x00000000ec580000, 0x0000000100000000)
  eden space 20480K, 100% used [0x00000000eab00000,0x00000000ebf00000,0x00000000ebf00000)
  from space 3072K, 83% used [0x00000000ec280000,0x00000000ec500010,0x00000000ec580000)
  to   space 3072K, 0% used [0x00000000ebf80000,0x00000000ebf80000,0x00000000ec280000)
 ParOldGen       total 68608K, used 27052K [0x00000000c0000000, 0x00000000c4300000, 0x00000000eab00000)
  object space 68608K, 39% used [0x00000000c0000000,0x00000000c1a6b2b8,0x00000000c4300000)
 Metaspace       used 44193K, committed 44992K, reserved 1089536K
  class space    used 4766K, committed 5120K, reserved 1048576K
}
Event: 2,622 GC heap after
{Heap after GC invocations=21 (full 2):
 PSYoungGen      total 23040K, used 2080K [0x00000000eab00000, 0x00000000ec400000, 0x0000000100000000)
  eden space 20480K, 0% used [0x00000000eab00000,0x00000000eab00000,0x00000000ebf00000)
  from space 2560K, 81% used [0x00000000ebf80000,0x00000000ec188000,0x00000000ec200000)
  to   space 2048K, 0% used [0x00000000ec200000,0x00000000ec200000,0x00000000ec400000)
 ParOldGen       total 68608K, used 29436K [0x00000000c0000000, 0x00000000c4300000, 0x00000000eab00000)
  object space 68608K, 42% used [0x00000000c0000000,0x00000000c1cbf2c8,0x00000000c4300000)
 Metaspace       used 44193K, committed 44992K, reserved 1089536K
  class space    used 4766K, committed 5120K, reserved 1048576K
}
Event: 2,790 GC heap before
{Heap before GC invocations=22 (full 2):
 PSYoungGen      total 23040K, used 22560K [0x00000000eab00000, 0x00000000ec400000, 0x0000000100000000)
  eden space 20480K, 100% used [0x00000000eab00000,0x00000000ebf00000,0x00000000ebf00000)
  from space 2560K, 81% used [0x00000000ebf80000,0x00000000ec188000,0x00000000ec200000)
  to   space 2048K, 0% used [0x00000000ec200000,0x00000000ec200000,0x00000000ec400000)
 ParOldGen       total 68608K, used 29436K [0x00000000c0000000, 0x00000000c4300000, 0x00000000eab00000)
  object space 68608K, 42% used [0x00000000c0000000,0x00000000c1cbf2c8,0x00000000c4300000)
 Metaspace       used 47074K, committed 47936K, reserved 1097728K
  class space    used 5039K, committed 5376K, reserved 1048576K
}
Event: 2,792 GC heap after
{Heap after GC invocations=22 (full 2):
 PSYoungGen      total 21504K, used 1008K [0x00000000eab00000, 0x00000000ec300000, 0x0000000100000000)
  eden space 20480K, 0% used [0x00000000eab00000,0x00000000eab00000,0x00000000ebf00000)
  from space 1024K, 98% used [0x00000000ec200000,0x00000000ec2fc1d8,0x00000000ec300000)
  to   space 1536K, 0% used [0x00000000ec000000,0x00000000ec000000,0x00000000ec180000)
 ParOldGen       total 68608K, used 31375K [0x00000000c0000000, 0x00000000c4300000, 0x00000000eab00000)
  object space 68608K, 45% used [0x00000000c0000000,0x00000000c1ea3ea0,0x00000000c4300000)
 Metaspace       used 47074K, committed 47936K, reserved 1097728K
  class space    used 5039K, committed 5376K, reserved 1048576K
}
Event: 2,883 GC heap before
{Heap before GC invocations=23 (full 2):
 PSYoungGen      total 21504K, used 21488K [0x00000000eab00000, 0x00000000ec300000, 0x0000000100000000)
  eden space 20480K, 100% used [0x00000000eab00000,0x00000000ebf00000,0x00000000ebf00000)
  from space 1024K, 98% used [0x00000000ec200000,0x00000000ec2fc1d8,0x00000000ec300000)
  to   space 1536K, 0% used [0x00000000ec000000,0x00000000ec000000,0x00000000ec180000)
 ParOldGen       total 68608K, used 31375K [0x00000000c0000000, 0x00000000c4300000, 0x00000000eab00000)
  object space 68608K, 45% used [0x00000000c0000000,0x00000000c1ea3ea0,0x00000000c4300000)
 Metaspace       used 48135K, committed 48960K, reserved 1097728K
  class space    used 5167K, committed 5504K, reserved 1048576K
}
Event: 2,884 GC heap after
{Heap after GC invocations=23 (full 2):
 PSYoungGen      total 22016K, used 448K [0x00000000eab00000, 0x00000000ec280000, 0x0000000100000000)
  eden space 20480K, 0% used [0x00000000eab00000,0x00000000eab00000,0x00000000ebf00000)
  from space 1536K, 29% used [0x00000000ec000000,0x00000000ec070000,0x00000000ec180000)
  to   space 1024K, 0% used [0x00000000ec180000,0x00000000ec180000,0x00000000ec280000)
 ParOldGen       total 68608K, used 32074K [0x00000000c0000000, 0x00000000c4300000, 0x00000000eab00000)
  object space 68608K, 46% used [0x00000000c0000000,0x00000000c1f528a0,0x00000000c4300000)
 Metaspace       used 48135K, committed 48960K, reserved 1097728K
  class space    used 5167K, committed 5504K, reserved 1048576K
}
Event: 2,959 GC heap before
{Heap before GC invocations=24 (full 2):
 PSYoungGen      total 22016K, used 20928K [0x00000000eab00000, 0x00000000ec280000, 0x0000000100000000)
  eden space 20480K, 100% used [0x00000000eab00000,0x00000000ebf00000,0x00000000ebf00000)
  from space 1536K, 29% used [0x00000000ec000000,0x00000000ec070000,0x00000000ec180000)
  to   space 1024K, 0% used [0x00000000ec180000,0x00000000ec180000,0x00000000ec280000)
 ParOldGen       total 68608K, used 32074K [0x00000000c0000000, 0x00000000c4300000, 0x00000000eab00000)
  object space 68608K, 46% used [0x00000000c0000000,0x00000000c1f528a0,0x00000000c4300000)
 Metaspace       used 48811K, committed 49600K, reserved 1097728K
  class space    used 5218K, committed 5568K, reserved 1048576K
}
Event: 2,959 GC heap after
{Heap after GC invocations=24 (full 2):
 PSYoungGen      total 21504K, used 894K [0x00000000eab00000, 0x00000000ec280000, 0x0000000100000000)
  eden space 20480K, 0% used [0x00000000eab00000,0x00000000eab00000,0x00000000ebf00000)
  from space 1024K, 87% used [0x00000000ec180000,0x00000000ec25fba0,0x00000000ec280000)
  to   space 1024K, 0% used [0x00000000ec080000,0x00000000ec080000,0x00000000ec180000)
 ParOldGen       total 68608K, used 32346K [0x00000000c0000000, 0x00000000c4300000, 0x00000000eab00000)
  object space 68608K, 47% used [0x00000000c0000000,0x00000000c1f968a0,0x00000000c4300000)
 Metaspace       used 48811K, committed 49600K, reserved 1097728K
  class space    used 5218K, committed 5568K, reserved 1048576K
}
Event: 3,013 GC heap before
{Heap before GC invocations=25 (full 2):
 PSYoungGen      total 21504K, used 21374K [0x00000000eab00000, 0x00000000ec280000, 0x0000000100000000)
  eden space 20480K, 100% used [0x00000000eab00000,0x00000000ebf00000,0x00000000ebf00000)
  from space 1024K, 87% used [0x00000000ec180000,0x00000000ec25fba0,0x00000000ec280000)
  to   space 1024K, 0% used [0x00000000ec080000,0x00000000ec080000,0x00000000ec180000)
 ParOldGen       total 68608K, used 32346K [0x00000000c0000000, 0x00000000c4300000, 0x00000000eab00000)
  object space 68608K, 47% used [0x00000000c0000000,0x00000000c1f968a0,0x00000000c4300000)
 Metaspace       used 49916K, committed 50752K, reserved 1097728K
  class space    used 5317K, committed 5696K, reserved 1048576K
}
Event: 3,014 GC heap after
{Heap after GC invocations=25 (full 2):
 PSYoungGen      total 20992K, used 384K [0x00000000eab00000, 0x00000000ec200000, 0x0000000100000000)
  eden space 20480K, 0% used [0x00000000eab00000,0x00000000eab00000,0x00000000ebf00000)
  from space 512K, 75% used [0x00000000ec080000,0x00000000ec0e0000,0x00000000ec100000)
  to   space 1024K, 0% used [0x00000000ec100000,0x00000000ec100000,0x00000000ec200000)
 ParOldGen       total 68608K, used 32538K [0x00000000c0000000, 0x00000000c4300000, 0x00000000eab00000)
  object space 68608K, 47% used [0x00000000c0000000,0x00000000c1fc68a0,0x00000000c4300000)
 Metaspace       used 49916K, committed 50752K, reserved 1097728K
  class space    used 5317K, committed 5696K, reserved 1048576K
}
Event: 3,146 GC heap before
{Heap before GC invocations=26 (full 2):
 PSYoungGen      total 20992K, used 20847K [0x00000000eab00000, 0x00000000ec200000, 0x0000000100000000)
  eden space 20480K, 99% used [0x00000000eab00000,0x00000000ebefbea0,0x00000000ebf00000)
  from space 512K, 75% used [0x00000000ec080000,0x00000000ec0e0000,0x00000000ec100000)
  to   space 1024K, 0% used [0x00000000ec100000,0x00000000ec100000,0x00000000ec200000)
 ParOldGen       total 68608K, used 32538K [0x00000000c0000000, 0x00000000c4300000, 0x00000000eab00000)
  object space 68608K, 47% used [0x00000000c0000000,0x00000000c1fc68a0,0x00000000c4300000)
 Metaspace       used 52306K, committed 53184K, reserved 1097728K
  class space    used 5589K, committed 5952K, reserved 1048576K
}
Event: 3,149 GC heap after
{Heap after GC invocations=26 (full 2):
 PSYoungGen      total 21504K, used 995K [0x00000000eab00000, 0x00000000ec300000, 0x0000000100000000)
  eden space 20480K, 0% used [0x00000000eab00000,0x00000000eab00000,0x00000000ebf00000)
  from space 1024K, 97% used [0x00000000ec100000,0x00000000ec1f8e98,0x00000000ec200000)
  to   space 2048K, 0% used [0x00000000ebf00000,0x00000000ebf00000,0x00000000ec100000)
 ParOldGen       total 68608K, used 33066K [0x00000000c0000000, 0x00000000c4300000, 0x00000000eab00000)
  object space 68608K, 48% used [0x00000000c0000000,0x00000000c204a900,0x00000000c4300000)
 Metaspace       used 52306K, committed 53184K, reserved 1097728K
  class space    used 5589K, committed 5952K, reserved 1048576K
}
Event: 3,201 GC heap before
{Heap before GC invocations=27 (full 2):
 PSYoungGen      total 21504K, used 21475K [0x00000000eab00000, 0x00000000ec300000, 0x0000000100000000)
  eden space 20480K, 100% used [0x00000000eab00000,0x00000000ebf00000,0x00000000ebf00000)
  from space 1024K, 97% used [0x00000000ec100000,0x00000000ec1f8e98,0x00000000ec200000)
  to   space 2048K, 0% used [0x00000000ebf00000,0x00000000ebf00000,0x00000000ec100000)
 ParOldGen       total 68608K, used 33066K [0x00000000c0000000, 0x00000000c4300000, 0x00000000eab00000)
  object space 68608K, 48% used [0x00000000c0000000,0x00000000c204a900,0x00000000c4300000)
 Metaspace       used 53786K, committed 54656K, reserved 1097728K
  class space    used 5721K, committed 6080K, reserved 1048576K
}
Event: 3,202 GC heap after
{Heap after GC invocations=27 (full 2):
 PSYoungGen      total 21504K, used 992K [0x00000000eab00000, 0x00000000ec200000, 0x0000000100000000)
  eden space 20480K, 0% used [0x00000000eab00000,0x00000000eab00000,0x00000000ebf00000)
  from space 1024K, 96% used [0x00000000ebf00000,0x00000000ebff8000,0x00000000ec000000)
  to   space 1536K, 0% used [0x00000000ec080000,0x00000000ec080000,0x00000000ec200000)
 ParOldGen       total 68608K, used 33970K [0x00000000c0000000, 0x00000000c4300000, 0x00000000eab00000)
  object space 68608K, 49% used [0x00000000c0000000,0x00000000c212c960,0x00000000c4300000)
 Metaspace       used 53786K, committed 54656K, reserved 1097728K
  class space    used 5721K, committed 6080K, reserved 1048576K
}
Event: 3,269 GC heap before
{Heap before GC invocations=28 (full 2):
 PSYoungGen      total 21504K, used 21472K [0x00000000eab00000, 0x00000000ec200000, 0x0000000100000000)
  eden space 20480K, 100% used [0x00000000eab00000,0x00000000ebf00000,0x00000000ebf00000)
  from space 1024K, 96% used [0x00000000ebf00000,0x00000000ebff8000,0x00000000ec000000)
  to   space 1536K, 0% used [0x00000000ec080000,0x00000000ec080000,0x00000000ec200000)
 ParOldGen       total 68608K, used 33970K [0x00000000c0000000, 0x00000000c4300000, 0x00000000eab00000)
  object space 68608K, 49% used [0x00000000c0000000,0x00000000c212c960,0x00000000c4300000)
 Metaspace       used 54321K, committed 55232K, reserved 1105920K
  class space    used 5750K, committed 6144K, reserved 1048576K
}
Event: 3,270 GC heap after
{Heap after GC invocations=28 (full 2):
 PSYoungGen      total 22016K, used 1152K [0x00000000eab00000, 0x00000000ec200000, 0x0000000100000000)
  eden space 20480K, 0% used [0x00000000eab00000,0x00000000eab00000,0x00000000ebf00000)
  from space 1536K, 75% used [0x00000000ec080000,0x00000000ec1a0000,0x00000000ec200000)
  to   space 1536K, 0% used [0x00000000ebf00000,0x00000000ebf00000,0x00000000ec080000)
 ParOldGen       total 68608K, used 34672K [0x00000000c0000000, 0x00000000c4300000, 0x00000000eab00000)
  object space 68608K, 50% used [0x00000000c0000000,0x00000000c21dc1f0,0x00000000c4300000)
 Metaspace       used 54321K, committed 55232K, reserved 1105920K
  class space    used 5750K, committed 6144K, reserved 1048576K
}

