# JRE version: OpenJDK Runtime Environment (17.0.6+10) (build 17.0.6+10-Debian-1deb11u1)
# Java VM: OpenJDK 64-Bit Server VM (17.0.6+10-Debian-1deb11u1, mixed mode, sharing, tiered, compressed oops, compressed class ptrs, parallel gc, linux-amd64)
GC Precious Log:
 CPUs: 16 total, 16 available
 Memory: 31888M
 Large Page Support: Disabled
 NUMA Support: Disabled
 Compressed Oops: Enabled (32-bit)
 Alignments: Space 512K, Generation 512K, Heap 2M
 Heap Min Capacity: 100M
 Heap Initial Capacity: 100M
 Heap Max Capacity: 1G
 Pre-touch: Disabled
 Parallel Workers: 13
Heap:
 PSYoungGen      total 20992K, used 913K [0x00000000eab00000, 0x00000000ec180000, 0x0000000100000000)
  eden space 19968K, 0% used [0x00000000eab00000,0x00000000eab00000,0x00000000ebe80000)
  from space 1024K, 89% used [0x00000000ec080000,0x00000000ec164560,0x00000000ec180000)
  to   space 1024K, 0% used [0x00000000ebf80000,0x00000000ebf80000,0x00000000ec080000)
 ParOldGen       total 68608K, used 46009K [0x00000000c0000000, 0x00000000c4300000, 0x00000000eab00000)
  object space 68608K, 67% used [0x00000000c0000000,0x00000000c2cee508,0x00000000c4300000)
 Metaspace       used 58851K, committed 59776K, reserved 1105920K
  class space    used 6137K, committed 6528K, reserved 1048576K
GC Heap History (20 events):
Event: 3,090 GC heap after
{Heap after GC invocations=27 (full 2):
 PSYoungGen      total 23040K, used 736K [0x00000000eab00000, 0x00000000ec280000, 0x0000000100000000)
  eden space 22016K, 0% used [0x00000000eab00000,0x00000000eab00000,0x00000000ec080000)
  from space 1024K, 71% used [0x00000000ec080000,0x00000000ec138000,0x00000000ec180000)
  to   space 1024K, 0% used [0x00000000ec180000,0x00000000ec180000,0x00000000ec280000)
 ParOldGen       total 68608K, used 34765K [0x00000000c0000000, 0x00000000c4300000, 0x00000000eab00000)
  object space 68608K, 50% used [0x00000000c0000000,0x00000000c21f3690,0x00000000c4300000)
 Metaspace       used 53342K, committed 54272K, reserved 1097728K
  class space    used 5674K, committed 6080K, reserved 1048576K
}
Event: 3,168 GC heap before
{Heap before GC invocations=28 (full 2):
 PSYoungGen      total 23040K, used 22748K [0x00000000eab00000, 0x00000000ec280000, 0x0000000100000000)
  eden space 22016K, 99% used [0x00000000eab00000,0x00000000ec07f2d8,0x00000000ec080000)
  from space 1024K, 71% used [0x00000000ec080000,0x00000000ec138000,0x00000000ec180000)
  to   space 1024K, 0% used [0x00000000ec180000,0x00000000ec180000,0x00000000ec280000)
 ParOldGen       total 68608K, used 34765K [0x00000000c0000000, 0x00000000c4300000, 0x00000000eab00000)
  object space 68608K, 50% used [0x00000000c0000000,0x00000000c21f3690,0x00000000c4300000)
 Metaspace       used 53545K, committed 54400K, reserved 1097728K
  class space    used 5695K, committed 6080K, reserved 1048576K
}
Event: 3,170 GC heap after
{Heap after GC invocations=28 (full 2):
 PSYoungGen      total 23040K, used 903K [0x00000000eab00000, 0x00000000ec280000, 0x0000000100000000)
  eden space 22016K, 0% used [0x00000000eab00000,0x00000000eab00000,0x00000000ec080000)
  from space 1024K, 88% used [0x00000000ec180000,0x00000000ec261d08,0x00000000ec280000)
  to   space 1024K, 0% used [0x00000000ec080000,0x00000000ec080000,0x00000000ec180000)
 ParOldGen       total 68608K, used 35069K [0x00000000c0000000, 0x00000000c4300000, 0x00000000eab00000)
  object space 68608K, 51% used [0x00000000c0000000,0x00000000c223f690,0x00000000c4300000)
 Metaspace       used 53545K, committed 54400K, reserved 1097728K
  class space    used 5695K, committed 6080K, reserved 1048576K
}
Event: 3,250 GC heap before
{Heap before GC invocations=29 (full 2):
 PSYoungGen      total 23040K, used 22919K [0x00000000eab00000, 0x00000000ec280000, 0x0000000100000000)
  eden space 22016K, 100% used [0x00000000eab00000,0x00000000ec080000,0x00000000ec080000)
  from space 1024K, 88% used [0x00000000ec180000,0x00000000ec261d08,0x00000000ec280000)
  to   space 1024K, 0% used [0x00000000ec080000,0x00000000ec080000,0x00000000ec180000)
 ParOldGen       total 68608K, used 35069K [0x00000000c0000000, 0x00000000c4300000, 0x00000000eab00000)
  object space 68608K, 51% used [0x00000000c0000000,0x00000000c223f690,0x00000000c4300000)
 Metaspace       used 54063K, committed 55040K, reserved 1097728K
  class space    used 5718K, committed 6144K, reserved 1048576K
}
Event: 3,251 GC heap after
{Heap after GC invocations=29 (full 2):
 PSYoungGen      total 23040K, used 1024K [0x00000000eab00000, 0x00000000ec480000, 0x0000000100000000)
  eden space 22016K, 0% used [0x00000000eab00000,0x00000000eab00000,0x00000000ec080000)
  from space 1024K, 100% used [0x00000000ec080000,0x00000000ec180000,0x00000000ec180000)
  to   space 2048K, 0% used [0x00000000ec280000,0x00000000ec280000,0x00000000ec480000)
 ParOldGen       total 68608K, used 35711K [0x00000000c0000000, 0x00000000c4300000, 0x00000000eab00000)
  object space 68608K, 52% used [0x00000000c0000000,0x00000000c22dff90,0x00000000c4300000)
 Metaspace       used 54063K, committed 55040K, reserved 1097728K
  class space    used 5718K, committed 6144K, reserved 1048576K
}
Event: 3,271 GC heap before
{Heap before GC invocations=30 (full 2):
 PSYoungGen      total 23040K, used 23040K [0x00000000eab00000, 0x00000000ec480000, 0x0000000100000000)
  eden space 22016K, 100% used [0x00000000eab00000,0x00000000ec080000,0x00000000ec080000)
  from space 1024K, 100% used [0x00000000ec080000,0x00000000ec180000,0x00000000ec180000)
  to   space 2048K, 0% used [0x00000000ec280000,0x00000000ec280000,0x00000000ec480000)
 ParOldGen       total 68608K, used 35711K [0x00000000c0000000, 0x00000000c4300000, 0x00000000eab00000)
  object space 68608K, 52% used [0x00000000c0000000,0x00000000c22dff90,0x00000000c4300000)
 Metaspace       used 54072K, committed 55040K, reserved 1097728K
  class space    used 5718K, committed 6144K, reserved 1048576K
}
Event: 3,272 GC heap after
{Heap after GC invocations=30 (full 2):
 PSYoungGen      total 23552K, used 1120K [0x00000000eab00000, 0x00000000ec400000, 0x0000000100000000)
  eden space 22016K, 0% used [0x00000000eab00000,0x00000000eab00000,0x00000000ec080000)
  from space 1536K, 72% used [0x00000000ec280000,0x00000000ec398000,0x00000000ec400000)
  to   space 1536K, 0% used [0x00000000ec100000,0x00000000ec100000,0x00000000ec280000)
 ParOldGen       total 68608K, used 36588K [0x00000000c0000000, 0x00000000c4300000, 0x00000000eab00000)
  object space 68608K, 53% used [0x00000000c0000000,0x00000000c23bb018,0x00000000c4300000)
 Metaspace       used 54072K, committed 55040K, reserved 1097728K
  class space    used 5718K, committed 6144K, reserved 1048576K
}
Event: 3,354 GC heap before
{Heap before GC invocations=31 (full 2):
 PSYoungGen      total 23552K, used 23136K [0x00000000eab00000, 0x00000000ec400000, 0x0000000100000000)
  eden space 22016K, 100% used [0x00000000eab00000,0x00000000ec080000,0x00000000ec080000)
  from space 1536K, 72% used [0x00000000ec280000,0x00000000ec398000,0x00000000ec400000)
  to   space 1536K, 0% used [0x00000000ec100000,0x00000000ec100000,0x00000000ec280000)
 ParOldGen       total 68608K, used 36588K [0x00000000c0000000, 0x00000000c4300000, 0x00000000eab00000)
  object space 68608K, 53% used [0x00000000c0000000,0x00000000c23bb018,0x00000000c4300000)
 Metaspace       used 55070K, committed 56064K, reserved 1105920K
  class space    used 5835K, committed 6272K, reserved 1048576K
}
Event: 3,355 GC heap after
{Heap after GC invocations=31 (full 2):
 PSYoungGen      total 23552K, used 1515K [0x00000000eab00000, 0x00000000ec780000, 0x0000000100000000)
  eden space 22016K, 0% used [0x00000000eab00000,0x00000000eab00000,0x00000000ec080000)
  from space 1536K, 98% used [0x00000000ec100000,0x00000000ec27ae90,0x00000000ec280000)
  to   space 3584K, 0% used [0x00000000ec400000,0x00000000ec400000,0x00000000ec780000)
 ParOldGen       total 68608K, used 38222K [0x00000000c0000000, 0x00000000c4300000, 0x00000000eab00000)
  object space 68608K, 55% used [0x00000000c0000000,0x00000000c2553958,0x00000000c4300000)
 Metaspace       used 55070K, committed 56064K, reserved 1105920K
  class space    used 5835K, committed 6272K, reserved 1048576K
}
Event: 3,534 GC heap before
{Heap before GC invocations=32 (full 2):
 PSYoungGen      total 23552K, used 23531K [0x00000000eab00000, 0x00000000ec780000, 0x0000000100000000)
  eden space 22016K, 100% used [0x00000000eab00000,0x00000000ec080000,0x00000000ec080000)
  from space 1536K, 98% used [0x00000000ec100000,0x00000000ec27ae90,0x00000000ec280000)
  to   space 3584K, 0% used [0x00000000ec400000,0x00000000ec400000,0x00000000ec780000)
 ParOldGen       total 68608K, used 38222K [0x00000000c0000000, 0x00000000c4300000, 0x00000000eab00000)
  object space 68608K, 55% used [0x00000000c0000000,0x00000000c2553958,0x00000000c4300000)
 Metaspace       used 56746K, committed 57728K, reserved 1105920K
  class space    used 5980K, committed 6400K, reserved 1048576K
}
Event: 3,537 GC heap after
{Heap after GC invocations=32 (full 2):
 PSYoungGen      total 23552K, used 3553K [0x00000000eab00000, 0x00000000ecb80000, 0x0000000100000000)
  eden space 19968K, 0% used [0x00000000eab00000,0x00000000eab00000,0x00000000ebe80000)
  from space 3584K, 99% used [0x00000000ec400000,0x00000000ec778780,0x00000000ec780000)
  to   space 5632K, 0% used [0x00000000ebe80000,0x00000000ebe80000,0x00000000ec400000)
 ParOldGen       total 68608K, used 39718K [0x00000000c0000000, 0x00000000c4300000, 0x00000000eab00000)
  object space 68608K, 57% used [0x00000000c0000000,0x00000000c26c98e8,0x00000000c4300000)
 Metaspace       used 56746K, committed 57728K, reserved 1105920K
  class space    used 5980K, committed 6400K, reserved 1048576K
}
Event: 3,630 GC heap before
{Heap before GC invocations=33 (full 2):
 PSYoungGen      total 23552K, used 23521K [0x00000000eab00000, 0x00000000ecb80000, 0x0000000100000000)
  eden space 19968K, 100% used [0x00000000eab00000,0x00000000ebe80000,0x00000000ebe80000)
  from space 3584K, 99% used [0x00000000ec400000,0x00000000ec778780,0x00000000ec780000)
  to   space 5632K, 0% used [0x00000000ebe80000,0x00000000ebe80000,0x00000000ec400000)
 ParOldGen       total 68608K, used 39718K [0x00000000c0000000, 0x00000000c4300000, 0x00000000eab00000)
  object space 68608K, 57% used [0x00000000c0000000,0x00000000c26c98e8,0x00000000c4300000)
 Metaspace       used 58291K, committed 59264K, reserved 1105920K
  class space    used 6097K, committed 6528K, reserved 1048576K
}
Event: 3,633 GC heap after
{Heap after GC invocations=33 (full 2):
 PSYoungGen      total 22016K, used 1840K [0x00000000eab00000, 0x00000000ec480000, 0x0000000100000000)
  eden space 19968K, 0% used [0x00000000eab00000,0x00000000eab00000,0x00000000ebe80000)
  from space 2048K, 89% used [0x00000000ebe80000,0x00000000ec04c010,0x00000000ec080000)
  to   space 3072K, 0% used [0x00000000ec180000,0x00000000ec180000,0x00000000ec480000)
 ParOldGen       total 68608K, used 42649K [0x00000000c0000000, 0x00000000c4300000, 0x00000000eab00000)
  object space 68608K, 62% used [0x00000000c0000000,0x00000000c29a6528,0x00000000c4300000)
 Metaspace       used 58291K, committed 59264K, reserved 1105920K
  class space    used 6097K, committed 6528K, reserved 1048576K
}
Event: 3,672 GC heap before
{Heap before GC invocations=34 (full 2):
 PSYoungGen      total 22016K, used 21808K [0x00000000eab00000, 0x00000000ec480000, 0x0000000100000000)
  eden space 19968K, 100% used [0x00000000eab00000,0x00000000ebe80000,0x00000000ebe80000)
  from space 2048K, 89% used [0x00000000ebe80000,0x00000000ec04c010,0x00000000ec080000)
  to   space 3072K, 0% used [0x00000000ec180000,0x00000000ec180000,0x00000000ec480000)
 ParOldGen       total 68608K, used 42649K [0x00000000c0000000, 0x00000000c4300000, 0x00000000eab00000)
  object space 68608K, 62% used [0x00000000c0000000,0x00000000c29a6528,0x00000000c4300000)
 Metaspace       used 58308K, committed 59264K, reserved 1105920K
  class space    used 6098K, committed 6528K, reserved 1048576K
}
Event: 3,675 GC heap after
{Heap after GC invocations=34 (full 2):
 PSYoungGen      total 21504K, used 1168K [0x00000000eab00000, 0x00000000ec300000, 0x0000000100000000)
  eden space 19968K, 0% used [0x00000000eab00000,0x00000000eab00000,0x00000000ebe80000)
  from space 1536K, 76% used [0x00000000ec180000,0x00000000ec2a4010,0x00000000ec300000)
  to   space 2048K, 0% used [0x00000000ebf00000,0x00000000ebf00000,0x00000000ec100000)
 ParOldGen       total 68608K, used 44085K [0x00000000c0000000, 0x00000000c4300000, 0x00000000eab00000)
  object space 68608K, 64% used [0x00000000c0000000,0x00000000c2b0d7a8,0x00000000c4300000)
 Metaspace       used 58308K, committed 59264K, reserved 1105920K
  class space    used 6098K, committed 6528K, reserved 1048576K
}
Event: 3,733 GC heap before
{Heap before GC invocations=35 (full 2):
 PSYoungGen      total 21504K, used 21136K [0x00000000eab00000, 0x00000000ec300000, 0x0000000100000000)
  eden space 19968K, 100% used [0x00000000eab00000,0x00000000ebe80000,0x00000000ebe80000)
  from space 1536K, 76% used [0x00000000ec180000,0x00000000ec2a4010,0x00000000ec300000)
  to   space 2048K, 0% used [0x00000000ebf00000,0x00000000ebf00000,0x00000000ec100000)
 ParOldGen       total 68608K, used 44085K [0x00000000c0000000, 0x00000000c4300000, 0x00000000eab00000)
  object space 68608K, 64% used [0x00000000c0000000,0x00000000c2b0d7a8,0x00000000c4300000)
 Metaspace       used 58435K, committed 59392K, reserved 1105920K
  class space    used 6106K, committed 6528K, reserved 1048576K
}
Event: 3,734 GC heap after
{Heap after GC invocations=35 (full 2):
 PSYoungGen      total 21504K, used 1184K [0x00000000eab00000, 0x00000000ec200000, 0x0000000100000000)
  eden space 19968K, 0% used [0x00000000eab00000,0x00000000eab00000,0x00000000ebe80000)
  from space 1536K, 77% used [0x00000000ebf00000,0x00000000ec028000,0x00000000ec080000)
  to   space 1536K, 0% used [0x00000000ec080000,0x00000000ec080000,0x00000000ec200000)
 ParOldGen       total 68608K, used 44979K [0x00000000c0000000, 0x00000000c4300000, 0x00000000eab00000)
  object space 68608K, 65% used [0x00000000c0000000,0x00000000c2becf48,0x00000000c4300000)
 Metaspace       used 58435K, committed 59392K, reserved 1105920K
  class space    used 6106K, committed 6528K, reserved 1048576K
}
Event: 3,772 GC heap before
{Heap before GC invocations=36 (full 2):
 PSYoungGen      total 21504K, used 8983K [0x00000000eab00000, 0x00000000ec200000, 0x0000000100000000)
  eden space 19968K, 39% used [0x00000000eab00000,0x00000000eb29dd40,0x00000000ebe80000)
  from space 1536K, 77% used [0x00000000ebf00000,0x00000000ec028000,0x00000000ec080000)
  to   space 1536K, 0% used [0x00000000ec080000,0x00000000ec080000,0x00000000ec200000)
 ParOldGen       total 68608K, used 44979K [0x00000000c0000000, 0x00000000c4300000, 0x00000000eab00000)
  object space 68608K, 65% used [0x00000000c0000000,0x00000000c2becf48,0x00000000c4300000)
 Metaspace       used 58851K, committed 59776K, reserved 1105920K
  class space    used 6137K, committed 6528K, reserved 1048576K
}
Event: 3,774 GC heap after
{Heap after GC invocations=36 (full 2):
 PSYoungGen      total 20992K, used 913K [0x00000000eab00000, 0x00000000ec180000, 0x0000000100000000)
  eden space 19968K, 0% used [0x00000000eab00000,0x00000000eab00000,0x00000000ebe80000)
  from space 1024K, 89% used [0x00000000ec080000,0x00000000ec164560,0x00000000ec180000)
  to   space 1024K, 0% used [0x00000000ebf80000,0x00000000ebf80000,0x00000000ec080000)
 ParOldGen       total 68608K, used 46009K [0x00000000c0000000, 0x00000000c4300000, 0x00000000eab00000)
  object space 68608K, 67% used [0x00000000c0000000,0x00000000c2cee508,0x00000000c4300000)
 Metaspace       used 58851K, committed 59776K, reserved 1105920K
  class space    used 6137K, committed 6528K, reserved 1048576K
}
Event: 3,774 GC heap before
{Heap before GC invocations=37 (full 3):
 PSYoungGen      total 20992K, used 913K [0x00000000eab00000, 0x00000000ec180000, 0x0000000100000000)
  eden space 19968K, 0% used [0x00000000eab00000,0x00000000eab00000,0x00000000ebe80000)
  from space 1024K, 89% used [0x00000000ec080000,0x00000000ec164560,0x00000000ec180000)
  to   space 1024K, 0% used [0x00000000ebf80000,0x00000000ebf80000,0x00000000ec080000)
 ParOldGen       total 68608K, used 46009K [0x00000000c0000000, 0x00000000c4300000, 0x00000000eab00000)
  object space 68608K, 67% used [0x00000000c0000000,0x00000000c2cee508,0x00000000c4300000)
 Metaspace       used 58851K, committed 59776K, reserved 1105920K
  class space    used 6137K, committed 6528K, reserved 1048576K
}

