# JRE version: OpenJDK Runtime Environment (17.0.6+10) (build 17.0.6+10-Debian-1deb11u1)
# Java VM: OpenJDK 64-Bit Server VM (17.0.6+10-Debian-1deb11u1, mixed mode, sharing, tiered, compressed oops, compressed class ptrs, parallel gc, linux-amd64)
GC Precious Log:
 CPUs: 16 total, 16 available
 Memory: 31888M
 Large Page Support: Disabled
 NUMA Support: Disabled
 Compressed Oops: Enabled (32-bit)
 Alignments: Space 512K, Generation 512K, Heap 2M
 Heap Min Capacity: 100M
 Heap Initial Capacity: 100M
 Heap Max Capacity: 1G
 Pre-touch: Disabled
 Parallel Workers: 13
Heap:
 PSYoungGen      total 25600K, used 13652K [0x00000000eab00000, 0x00000000ec780000, 0x0000000100000000)
  eden space 23040K, 59% used [0x00000000eab00000,0x00000000eb8551f8,0x00000000ec180000)
  from space 2560K, 0% used [0x00000000ec380000,0x00000000ec380000,0x00000000ec600000)
  to   space 1536K, 0% used [0x00000000ec600000,0x00000000ec600000,0x00000000ec780000)
 ParOldGen       total 68608K, used 14377K [0x00000000c0000000, 0x00000000c4300000, 0x00000000eab00000)
  object space 68608K, 20% used [0x00000000c0000000,0x00000000c0e0a458,0x00000000c4300000)
 Metaspace       used 36900K, committed 37696K, reserved 1089536K
  class space    used 3970K, committed 4288K, reserved 1048576K
GC Heap History (20 events):
Event: 1,035 GC heap before
{Heap before GC invocations=4 (full 0):
 PSYoungGen      total 29696K, used 29689K [0x00000000eab00000, 0x00000000ecc00000, 0x0000000100000000)
  eden space 25600K, 100% used [0x00000000eab00000,0x00000000ec400000,0x00000000ec400000)
  from space 4096K, 99% used [0x00000000ec400000,0x00000000ec7fe718,0x00000000ec800000)
  to   space 4096K, 0% used [0x00000000ec800000,0x00000000ec800000,0x00000000ecc00000)
 ParOldGen       total 68608K, used 3443K [0x00000000c0000000, 0x00000000c4300000, 0x00000000eab00000)
  object space 68608K, 5% used [0x00000000c0000000,0x00000000c035cde0,0x00000000c4300000)
 Metaspace       used 16007K, committed 16576K, reserved 1064960K
  class space    used 1618K, committed 1856K, reserved 1048576K
}
Event: 1,038 GC heap after
{Heap after GC invocations=4 (full 0):
 PSYoungGen      total 29696K, used 4066K [0x00000000eab00000, 0x00000000ecc00000, 0x0000000100000000)
  eden space 25600K, 0% used [0x00000000eab00000,0x00000000eab00000,0x00000000ec400000)
  from space 4096K, 99% used [0x00000000ec800000,0x00000000ecbf8a70,0x00000000ecc00000)
  to   space 4096K, 0% used [0x00000000ec400000,0x00000000ec400000,0x00000000ec800000)
 ParOldGen       total 68608K, used 6025K [0x00000000c0000000, 0x00000000c4300000, 0x00000000eab00000)
  object space 68608K, 8% used [0x00000000c0000000,0x00000000c05e25a8,0x00000000c4300000)
 Metaspace       used 16007K, committed 16576K, reserved 1064960K
  class space    used 1618K, committed 1856K, reserved 1048576K
}
Event: 1,165 GC heap before
{Heap before GC invocations=5 (full 0):
 PSYoungGen      total 29696K, used 29666K [0x00000000eab00000, 0x00000000ecc00000, 0x0000000100000000)
  eden space 25600K, 100% used [0x00000000eab00000,0x00000000ec400000,0x00000000ec400000)
  from space 4096K, 99% used [0x00000000ec800000,0x00000000ecbf8a70,0x00000000ecc00000)
  to   space 4096K, 0% used [0x00000000ec400000,0x00000000ec400000,0x00000000ec800000)
 ParOldGen       total 68608K, used 6025K [0x00000000c0000000, 0x00000000c4300000, 0x00000000eab00000)
  object space 68608K, 8% used [0x00000000c0000000,0x00000000c05e25a8,0x00000000c4300000)
 Metaspace       used 19262K, committed 19840K, reserved 1073152K
  class space    used 1886K, committed 2112K, reserved 1048576K
}
Event: 1,168 GC heap after
{Heap after GC invocations=5 (full 0):
 PSYoungGen      total 29184K, used 4068K [0x00000000eab00000, 0x00000000ece80000, 0x0000000100000000)
  eden space 25088K, 0% used [0x00000000eab00000,0x00000000eab00000,0x00000000ec380000)
  from space 4096K, 99% used [0x00000000ec400000,0x00000000ec7f90b8,0x00000000ec800000)
  to   space 5632K, 0% used [0x00000000ec900000,0x00000000ec900000,0x00000000ece80000)
 ParOldGen       total 68608K, used 6917K [0x00000000c0000000, 0x00000000c4300000, 0x00000000eab00000)
  object space 68608K, 10% used [0x00000000c0000000,0x00000000c06c1408,0x00000000c4300000)
 Metaspace       used 19262K, committed 19840K, reserved 1073152K
  class space    used 1886K, committed 2112K, reserved 1048576K
}
Event: 1,210 GC heap before
{Heap before GC invocations=6 (full 0):
 PSYoungGen      total 29184K, used 12418K [0x00000000eab00000, 0x00000000ece80000, 0x0000000100000000)
  eden space 25088K, 33% used [0x00000000eab00000,0x00000000eb327a70,0x00000000ec380000)
  from space 4096K, 99% used [0x00000000ec400000,0x00000000ec7f90b8,0x00000000ec800000)
  to   space 5632K, 0% used [0x00000000ec900000,0x00000000ec900000,0x00000000ece80000)
 ParOldGen       total 68608K, used 6917K [0x00000000c0000000, 0x00000000c4300000, 0x00000000eab00000)
  object space 68608K, 10% used [0x00000000c0000000,0x00000000c06c1408,0x00000000c4300000)
 Metaspace       used 20944K, committed 21504K, reserved 1073152K
  class space    used 2023K, committed 2240K, reserved 1048576K
}
Event: 1,213 GC heap after
{Heap after GC invocations=6 (full 0):
 PSYoungGen      total 29696K, used 4366K [0x00000000eab00000, 0x00000000ecd80000, 0x0000000100000000)
  eden space 25088K, 0% used [0x00000000eab00000,0x00000000eab00000,0x00000000ec380000)
  from space 4608K, 94% used [0x00000000ec900000,0x00000000ecd438f8,0x00000000ecd80000)
  to   space 5120K, 0% used [0x00000000ec380000,0x00000000ec380000,0x00000000ec880000)
 ParOldGen       total 68608K, used 6925K [0x00000000c0000000, 0x00000000c4300000, 0x00000000eab00000)
  object space 68608K, 10% used [0x00000000c0000000,0x00000000c06c3408,0x00000000c4300000)
 Metaspace       used 20944K, committed 21504K, reserved 1073152K
  class space    used 2023K, committed 2240K, reserved 1048576K
}
Event: 1,213 GC heap before
{Heap before GC invocations=7 (full 1):
 PSYoungGen      total 29696K, used 4366K [0x00000000eab00000, 0x00000000ecd80000, 0x0000000100000000)
  eden space 25088K, 0% used [0x00000000eab00000,0x00000000eab00000,0x00000000ec380000)
  from space 4608K, 94% used [0x00000000ec900000,0x00000000ecd438f8,0x00000000ecd80000)
  to   space 5120K, 0% used [0x00000000ec380000,0x00000000ec380000,0x00000000ec880000)
 ParOldGen       total 68608K, used 6925K [0x00000000c0000000, 0x00000000c4300000, 0x00000000eab00000)
  object space 68608K, 10% used [0x00000000c0000000,0x00000000c06c3408,0x00000000c4300000)
 Metaspace       used 20944K, committed 21504K, reserved 1073152K
  class space    used 2023K, committed 2240K, reserved 1048576K
}
Event: 1,227 GC heap after
{Heap after GC invocations=7 (full 1):
 PSYoungGen      total 29696K, used 0K [0x00000000eab00000, 0x00000000ecd80000, 0x0000000100000000)
  eden space 25088K, 0% used [0x00000000eab00000,0x00000000eab00000,0x00000000ec380000)
  from space 4608K, 0% used [0x00000000ec900000,0x00000000ec900000,0x00000000ecd80000)
  to   space 5120K, 0% used [0x00000000ec380000,0x00000000ec380000,0x00000000ec880000)
 ParOldGen       total 68608K, used 10443K [0x00000000c0000000, 0x00000000c4300000, 0x00000000eab00000)
  object space 68608K, 15% used [0x00000000c0000000,0x00000000c0a32ca8,0x00000000c4300000)
 Metaspace       used 20930K, committed 21504K, reserved 1073152K
  class space    used 2019K, committed 2240K, reserved 1048576K
}
Event: 1,342 GC heap before
{Heap before GC invocations=8 (full 1):
 PSYoungGen      total 29696K, used 25088K [0x00000000eab00000, 0x00000000ecd80000, 0x0000000100000000)
  eden space 25088K, 100% used [0x00000000eab00000,0x00000000ec380000,0x00000000ec380000)
  from space 4608K, 0% used [0x00000000ec900000,0x00000000ec900000,0x00000000ecd80000)
  to   space 5120K, 0% used [0x00000000ec380000,0x00000000ec380000,0x00000000ec880000)
 ParOldGen       total 68608K, used 10443K [0x00000000c0000000, 0x00000000c4300000, 0x00000000eab00000)
  object space 68608K, 15% used [0x00000000c0000000,0x00000000c0a32ca8,0x00000000c4300000)
 Metaspace       used 23836K, committed 24448K, reserved 1073152K
  class space    used 2271K, committed 2496K, reserved 1048576K
}
Event: 1,343 GC heap after
{Heap after GC invocations=8 (full 1):
 PSYoungGen      total 25600K, used 957K [0x00000000eab00000, 0x00000000ec980000, 0x0000000100000000)
  eden space 24576K, 0% used [0x00000000eab00000,0x00000000eab00000,0x00000000ec300000)
  from space 1024K, 93% used [0x00000000ec380000,0x00000000ec46f520,0x00000000ec480000)
  to   space 2560K, 0% used [0x00000000ec700000,0x00000000ec700000,0x00000000ec980000)
 ParOldGen       total 68608K, used 10451K [0x00000000c0000000, 0x00000000c4300000, 0x00000000eab00000)
  object space 68608K, 15% used [0x00000000c0000000,0x00000000c0a34ca8,0x00000000c4300000)
 Metaspace       used 23836K, committed 24448K, reserved 1073152K
  class space    used 2271K, committed 2496K, reserved 1048576K
}
Event: 1,537 GC heap before
{Heap before GC invocations=9 (full 1):
 PSYoungGen      total 25600K, used 25533K [0x00000000eab00000, 0x00000000ec980000, 0x0000000100000000)
  eden space 24576K, 100% used [0x00000000eab00000,0x00000000ec300000,0x00000000ec300000)
  from space 1024K, 93% used [0x00000000ec380000,0x00000000ec46f520,0x00000000ec480000)
  to   space 2560K, 0% used [0x00000000ec700000,0x00000000ec700000,0x00000000ec980000)
 ParOldGen       total 68608K, used 10451K [0x00000000c0000000, 0x00000000c4300000, 0x00000000eab00000)
  object space 68608K, 15% used [0x00000000c0000000,0x00000000c0a34ca8,0x00000000c4300000)
 Metaspace       used 27785K, committed 28480K, reserved 1081344K
  class space    used 2770K, committed 3072K, reserved 1048576K
}
Event: 1,538 GC heap after
{Heap after GC invocations=9 (full 1):
 PSYoungGen      total 26624K, used 2244K [0x00000000eab00000, 0x00000000ec980000, 0x0000000100000000)
  eden space 24064K, 0% used [0x00000000eab00000,0x00000000eab00000,0x00000000ec280000)
  from space 2560K, 87% used [0x00000000ec700000,0x00000000ec931190,0x00000000ec980000)
  to   space 2560K, 0% used [0x00000000ec480000,0x00000000ec480000,0x00000000ec700000)
 ParOldGen       total 68608K, used 10459K [0x00000000c0000000, 0x00000000c4300000, 0x00000000eab00000)
  object space 68608K, 15% used [0x00000000c0000000,0x00000000c0a36ca8,0x00000000c4300000)
 Metaspace       used 27785K, committed 28480K, reserved 1081344K
  class space    used 2770K, committed 3072K, reserved 1048576K
}
Event: 1,722 GC heap before
{Heap before GC invocations=10 (full 1):
 PSYoungGen      total 26624K, used 26308K [0x00000000eab00000, 0x00000000ec980000, 0x0000000100000000)
  eden space 24064K, 100% used [0x00000000eab00000,0x00000000ec280000,0x00000000ec280000)
  from space 2560K, 87% used [0x00000000ec700000,0x00000000ec931190,0x00000000ec980000)
  to   space 2560K, 0% used [0x00000000ec480000,0x00000000ec480000,0x00000000ec700000)
 ParOldGen       total 68608K, used 10459K [0x00000000c0000000, 0x00000000c4300000, 0x00000000eab00000)
  object space 68608K, 15% used [0x00000000c0000000,0x00000000c0a36ca8,0x00000000c4300000)
 Metaspace       used 31302K, committed 32064K, reserved 1081344K
  class space    used 3232K, committed 3584K, reserved 1048576K
}
Event: 1,723 GC heap after
{Heap after GC invocations=10 (full 1):
 PSYoungGen      total 26112K, used 2554K [0x00000000eab00000, 0x00000000ec900000, 0x0000000100000000)
  eden space 23552K, 0% used [0x00000000eab00000,0x00000000eab00000,0x00000000ec200000)
  from space 2560K, 99% used [0x00000000ec480000,0x00000000ec6fe840,0x00000000ec700000)
  to   space 2048K, 0% used [0x00000000ec700000,0x00000000ec700000,0x00000000ec900000)
 ParOldGen       total 68608K, used 11008K [0x00000000c0000000, 0x00000000c4300000, 0x00000000eab00000)
  object space 68608K, 16% used [0x00000000c0000000,0x00000000c0ac00f8,0x00000000c4300000)
 Metaspace       used 31302K, committed 32064K, reserved 1081344K
  class space    used 3232K, committed 3584K, reserved 1048576K
}
Event: 1,882 GC heap before
{Heap before GC invocations=11 (full 1):
 PSYoungGen      total 26112K, used 26106K [0x00000000eab00000, 0x00000000ec900000, 0x0000000100000000)
  eden space 23552K, 100% used [0x00000000eab00000,0x00000000ec200000,0x00000000ec200000)
  from space 2560K, 99% used [0x00000000ec480000,0x00000000ec6fe840,0x00000000ec700000)
  to   space 2048K, 0% used [0x00000000ec700000,0x00000000ec700000,0x00000000ec900000)
 ParOldGen       total 68608K, used 11008K [0x00000000c0000000, 0x00000000c4300000, 0x00000000eab00000)
  object space 68608K, 16% used [0x00000000c0000000,0x00000000c0ac00f8,0x00000000c4300000)
 Metaspace       used 33091K, committed 33856K, reserved 1081344K
  class space    used 3469K, committed 3840K, reserved 1048576K
}
Event: 1,885 GC heap after
{Heap after GC invocations=11 (full 1):
 PSYoungGen      total 24576K, used 1472K [0x00000000eab00000, 0x00000000ec880000, 0x0000000100000000)
  eden space 23040K, 0% used [0x00000000eab00000,0x00000000eab00000,0x00000000ec180000)
  from space 1536K, 95% used [0x00000000ec700000,0x00000000ec870000,0x00000000ec880000)
  to   space 2560K, 0% used [0x00000000ec380000,0x00000000ec380000,0x00000000ec600000)
 ParOldGen       total 68608K, used 12632K [0x00000000c0000000, 0x00000000c4300000, 0x00000000eab00000)
  object space 68608K, 18% used [0x00000000c0000000,0x00000000c0c561b8,0x00000000c4300000)
 Metaspace       used 33091K, committed 33856K, reserved 1081344K
  class space    used 3469K, committed 3840K, reserved 1048576K
}
Event: 2,017 GC heap before
{Heap before GC invocations=12 (full 1):
 PSYoungGen      total 24576K, used 16840K [0x00000000eab00000, 0x00000000ec880000, 0x0000000100000000)
  eden space 23040K, 66% used [0x00000000eab00000,0x00000000eba023e8,0x00000000ec180000)
  from space 1536K, 95% used [0x00000000ec700000,0x00000000ec870000,0x00000000ec880000)
  to   space 2560K, 0% used [0x00000000ec380000,0x00000000ec380000,0x00000000ec600000)
 ParOldGen       total 68608K, used 12632K [0x00000000c0000000, 0x00000000c4300000, 0x00000000eab00000)
  object space 68608K, 18% used [0x00000000c0000000,0x00000000c0c561b8,0x00000000c4300000)
 Metaspace       used 35070K, committed 35840K, reserved 1081344K
  class space    used 3734K, committed 4096K, reserved 1048576K
}
Event: 2,018 GC heap after
{Heap after GC invocations=12 (full 1):
 PSYoungGen      total 25600K, used 992K [0x00000000eab00000, 0x00000000ec780000, 0x0000000100000000)
  eden space 23040K, 0% used [0x00000000eab00000,0x00000000eab00000,0x00000000ec180000)
  from space 2560K, 38% used [0x00000000ec380000,0x00000000ec478000,0x00000000ec600000)
  to   space 1536K, 0% used [0x00000000ec600000,0x00000000ec600000,0x00000000ec780000)
 ParOldGen       total 68608K, used 13946K [0x00000000c0000000, 0x00000000c4300000, 0x00000000eab00000)
  object space 68608K, 20% used [0x00000000c0000000,0x00000000c0d9eb90,0x00000000c4300000)
 Metaspace       used 35070K, committed 35840K, reserved 1081344K
  class space    used 3734K, committed 4096K, reserved 1048576K
}
Event: 2,018 GC heap before
{Heap before GC invocations=13 (full 2):
 PSYoungGen      total 25600K, used 992K [0x00000000eab00000, 0x00000000ec780000, 0x0000000100000000)
  eden space 23040K, 0% used [0x00000000eab00000,0x00000000eab00000,0x00000000ec180000)
  from space 2560K, 38% used [0x00000000ec380000,0x00000000ec478000,0x00000000ec600000)
  to   space 1536K, 0% used [0x00000000ec600000,0x00000000ec600000,0x00000000ec780000)
 ParOldGen       total 68608K, used 13946K [0x00000000c0000000, 0x00000000c4300000, 0x00000000eab00000)
  object space 68608K, 20% used [0x00000000c0000000,0x00000000c0d9eb90,0x00000000c4300000)
 Metaspace       used 35070K, committed 35840K, reserved 1081344K
  class space    used 3734K, committed 4096K, reserved 1048576K
}
Event: 2,040 GC heap after
{Heap after GC invocations=13 (full 2):
 PSYoungGen      total 25600K, used 0K [0x00000000eab00000, 0x00000000ec780000, 0x0000000100000000)
  eden space 23040K, 0% used [0x00000000eab00000,0x00000000eab00000,0x00000000ec180000)
  from space 2560K, 0% used [0x00000000ec380000,0x00000000ec380000,0x00000000ec600000)
  to   space 1536K, 0% used [0x00000000ec600000,0x00000000ec600000,0x00000000ec780000)
 ParOldGen       total 68608K, used 14377K [0x00000000c0000000, 0x00000000c4300000, 0x00000000eab00000)
  object space 68608K, 20% used [0x00000000c0000000,0x00000000c0e0a458,0x00000000c4300000)
 Metaspace       used 35070K, committed 35840K, reserved 1081344K
  class space    used 3734K, committed 4096K, reserved 1048576K
}

