# JRE version: OpenJDK Runtime Environment (17.0.6+10) (build 17.0.6+10-Debian-1deb11u1)
# Java VM: OpenJDK 64-Bit Server VM (17.0.6+10-Debian-1deb11u1, mixed mode, sharing, tiered, compressed oops, compressed class ptrs, parallel gc, linux-amd64)
GC Precious Log:
 CPUs: 16 total, 16 available
 Memory: 31888M
 Large Page Support: Disabled
 NUMA Support: Disabled
 Compressed Oops: Enabled (32-bit)
 Alignments: Space 512K, Generation 512K, Heap 2M
 Heap Min Capacity: 100M
 Heap Initial Capacity: 100M
 Heap Max Capacity: 1G
 Pre-touch: Disabled
 Parallel Workers: 13
Heap:
 PSYoungGen      total 22528K, used 7890K [0x00000000eab00000, 0x00000000ec380000, 0x0000000100000000)
  eden space 19968K, 27% used [0x00000000eab00000,0x00000000eb05e4d8,0x00000000ebe80000)
  from space 2560K, 93% used [0x00000000ebe80000,0x00000000ec0d63e8,0x00000000ec100000)
  to   space 2560K, 0% used [0x00000000ec100000,0x00000000ec100000,0x00000000ec380000)
 ParOldGen       total 68608K, used 28263K [0x00000000c0000000, 0x00000000c4300000, 0x00000000eab00000)
  object space 68608K, 41% used [0x00000000c0000000,0x00000000c1b99f98,0x00000000c4300000)
 Metaspace       used 40241K, committed 41024K, reserved 1089536K
  class space    used 3895K, committed 4224K, reserved 1048576K
GC Heap History (20 events):
Event: 2,402 GC heap before
{Heap before GC invocations=14 (full 1):
 PSYoungGen      total 23552K, used 23520K [0x00000000eab00000, 0x00000000ecc80000, 0x0000000100000000)
  eden space 20992K, 100% used [0x00000000eab00000,0x00000000ebf80000,0x00000000ebf80000)
  from space 2560K, 98% used [0x00000000ec580000,0x00000000ec7f8010,0x00000000ec800000)
  to   space 6144K, 0% used [0x00000000ebf80000,0x00000000ebf80000,0x00000000ec580000)
 ParOldGen       total 68608K, used 18475K [0x00000000c0000000, 0x00000000c4300000, 0x00000000eab00000)
  object space 68608K, 26% used [0x00000000c0000000,0x00000000c120af30,0x00000000c4300000)
 Metaspace       used 28081K, committed 28736K, reserved 1081344K
  class space    used 2771K, committed 3008K, reserved 1048576K
}
Event: 2,405 GC heap after
{Heap after GC invocations=14 (full 1):
 PSYoungGen      total 23552K, used 2336K [0x00000000eab00000, 0x00000000ec680000, 0x0000000100000000)
  eden space 20992K, 0% used [0x00000000eab00000,0x00000000eab00000,0x00000000ebf80000)
  from space 2560K, 91% used [0x00000000ebf80000,0x00000000ec1c8000,0x00000000ec200000)
  to   space 3584K, 0% used [0x00000000ec300000,0x00000000ec300000,0x00000000ec680000)
 ParOldGen       total 68608K, used 21003K [0x00000000c0000000, 0x00000000c4300000, 0x00000000eab00000)
  object space 68608K, 30% used [0x00000000c0000000,0x00000000c1482f40,0x00000000c4300000)
 Metaspace       used 28081K, committed 28736K, reserved 1081344K
  class space    used 2771K, committed 3008K, reserved 1048576K
}
Event: 2,510 GC heap before
{Heap before GC invocations=15 (full 1):
 PSYoungGen      total 23552K, used 23328K [0x00000000eab00000, 0x00000000ec680000, 0x0000000100000000)
  eden space 20992K, 100% used [0x00000000eab00000,0x00000000ebf80000,0x00000000ebf80000)
  from space 2560K, 91% used [0x00000000ebf80000,0x00000000ec1c8000,0x00000000ec200000)
  to   space 3584K, 0% used [0x00000000ec300000,0x00000000ec300000,0x00000000ec680000)
 ParOldGen       total 68608K, used 21003K [0x00000000c0000000, 0x00000000c4300000, 0x00000000eab00000)
  object space 68608K, 30% used [0x00000000c0000000,0x00000000c1482f40,0x00000000c4300000)
 Metaspace       used 29130K, committed 29824K, reserved 1081344K
  class space    used 2889K, committed 3200K, reserved 1048576K
}
Event: 2,513 GC heap after
{Heap after GC invocations=15 (full 1):
 PSYoungGen      total 24576K, used 2978K [0x00000000eab00000, 0x00000000ec680000, 0x0000000100000000)
  eden space 20992K, 0% used [0x00000000eab00000,0x00000000eab00000,0x00000000ebf80000)
  from space 3584K, 83% used [0x00000000ec300000,0x00000000ec5e88c8,0x00000000ec680000)
  to   space 3584K, 0% used [0x00000000ebf80000,0x00000000ebf80000,0x00000000ec300000)
 ParOldGen       total 68608K, used 23129K [0x00000000c0000000, 0x00000000c4300000, 0x00000000eab00000)
  object space 68608K, 33% used [0x00000000c0000000,0x00000000c16967c0,0x00000000c4300000)
 Metaspace       used 29130K, committed 29824K, reserved 1081344K
  class space    used 2889K, committed 3200K, reserved 1048576K
}
Event: 2,618 GC heap before
{Heap before GC invocations=16 (full 1):
 PSYoungGen      total 24576K, used 23970K [0x00000000eab00000, 0x00000000ec680000, 0x0000000100000000)
  eden space 20992K, 100% used [0x00000000eab00000,0x00000000ebf80000,0x00000000ebf80000)
  from space 3584K, 83% used [0x00000000ec300000,0x00000000ec5e88c8,0x00000000ec680000)
  to   space 3584K, 0% used [0x00000000ebf80000,0x00000000ebf80000,0x00000000ec300000)
 ParOldGen       total 68608K, used 23129K [0x00000000c0000000, 0x00000000c4300000, 0x00000000eab00000)
  object space 68608K, 33% used [0x00000000c0000000,0x00000000c16967c0,0x00000000c4300000)
 Metaspace       used 31237K, committed 32000K, reserved 1081344K
  class space    used 3127K, committed 3456K, reserved 1048576K
}
Event: 2,620 GC heap after
{Heap after GC invocations=16 (full 1):
 PSYoungGen      total 22016K, used 749K [0x00000000eab00000, 0x00000000ec380000, 0x0000000100000000)
  eden space 20992K, 0% used [0x00000000eab00000,0x00000000eab00000,0x00000000ebf80000)
  from space 1024K, 73% used [0x00000000ebf80000,0x00000000ec03b418,0x00000000ec080000)
  to   space 2048K, 0% used [0x00000000ec180000,0x00000000ec180000,0x00000000ec380000)
 ParOldGen       total 68608K, used 25747K [0x00000000c0000000, 0x00000000c4300000, 0x00000000eab00000)
  object space 68608K, 37% used [0x00000000c0000000,0x00000000c1924ec8,0x00000000c4300000)
 Metaspace       used 31237K, committed 32000K, reserved 1081344K
  class space    used 3127K, committed 3456K, reserved 1048576K
}
Event: 2,709 GC heap before
{Heap before GC invocations=17 (full 1):
 PSYoungGen      total 22016K, used 21741K [0x00000000eab00000, 0x00000000ec380000, 0x0000000100000000)
  eden space 20992K, 100% used [0x00000000eab00000,0x00000000ebf80000,0x00000000ebf80000)
  from space 1024K, 73% used [0x00000000ebf80000,0x00000000ec03b418,0x00000000ec080000)
  to   space 2048K, 0% used [0x00000000ec180000,0x00000000ec180000,0x00000000ec380000)
 ParOldGen       total 68608K, used 25747K [0x00000000c0000000, 0x00000000c4300000, 0x00000000eab00000)
  object space 68608K, 37% used [0x00000000c0000000,0x00000000c1924ec8,0x00000000c4300000)
 Metaspace       used 32765K, committed 33472K, reserved 1081344K
  class space    used 3255K, committed 3584K, reserved 1048576K
}
Event: 2,710 GC heap after
{Heap after GC invocations=17 (full 1):
 PSYoungGen      total 22528K, used 1356K [0x00000000eab00000, 0x00000000ec300000, 0x0000000100000000)
  eden space 20992K, 0% used [0x00000000eab00000,0x00000000eab00000,0x00000000ebf80000)
  from space 1536K, 88% used [0x00000000ec180000,0x00000000ec2d3190,0x00000000ec300000)
  to   space 1536K, 0% used [0x00000000ec000000,0x00000000ec000000,0x00000000ec180000)
 ParOldGen       total 68608K, used 26243K [0x00000000c0000000, 0x00000000c4300000, 0x00000000eab00000)
  object space 68608K, 38% used [0x00000000c0000000,0x00000000c19a0d78,0x00000000c4300000)
 Metaspace       used 32765K, committed 33472K, reserved 1081344K
  class space    used 3255K, committed 3584K, reserved 1048576K
}
Event: 2,760 GC heap before
{Heap before GC invocations=18 (full 1):
 PSYoungGen      total 22528K, used 22348K [0x00000000eab00000, 0x00000000ec300000, 0x0000000100000000)
  eden space 20992K, 100% used [0x00000000eab00000,0x00000000ebf80000,0x00000000ebf80000)
  from space 1536K, 88% used [0x00000000ec180000,0x00000000ec2d3190,0x00000000ec300000)
  to   space 1536K, 0% used [0x00000000ec000000,0x00000000ec000000,0x00000000ec180000)
 ParOldGen       total 68608K, used 26243K [0x00000000c0000000, 0x00000000c4300000, 0x00000000eab00000)
  object space 68608K, 38% used [0x00000000c0000000,0x00000000c19a0d78,0x00000000c4300000)
 Metaspace       used 32787K, committed 33536K, reserved 1081344K
  class space    used 3255K, committed 3584K, reserved 1048576K
}
Event: 2,762 GC heap after
{Heap after GC invocations=18 (full 1):
 PSYoungGen      total 22528K, used 1098K [0x00000000eab00000, 0x00000000ec280000, 0x0000000100000000)
  eden space 20992K, 0% used [0x00000000eab00000,0x00000000eab00000,0x00000000ebf80000)
  from space 1536K, 71% used [0x00000000ec000000,0x00000000ec112bb8,0x00000000ec180000)
  to   space 1024K, 0% used [0x00000000ec180000,0x00000000ec180000,0x00000000ec280000)
 ParOldGen       total 68608K, used 27255K [0x00000000c0000000, 0x00000000c4300000, 0x00000000eab00000)
  object space 68608K, 39% used [0x00000000c0000000,0x00000000c1a9df78,0x00000000c4300000)
 Metaspace       used 32787K, committed 33536K, reserved 1081344K
  class space    used 3255K, committed 3584K, reserved 1048576K
}
Event: 2,876 GC heap before
{Heap before GC invocations=19 (full 1):
 PSYoungGen      total 22528K, used 22090K [0x00000000eab00000, 0x00000000ec280000, 0x0000000100000000)
  eden space 20992K, 100% used [0x00000000eab00000,0x00000000ebf80000,0x00000000ebf80000)
  from space 1536K, 71% used [0x00000000ec000000,0x00000000ec112bb8,0x00000000ec180000)
  to   space 1024K, 0% used [0x00000000ec180000,0x00000000ec180000,0x00000000ec280000)
 ParOldGen       total 68608K, used 27255K [0x00000000c0000000, 0x00000000c4300000, 0x00000000eab00000)
  object space 68608K, 39% used [0x00000000c0000000,0x00000000c1a9df78,0x00000000c4300000)
 Metaspace       used 34973K, committed 35712K, reserved 1081344K
  class space    used 3464K, committed 3776K, reserved 1048576K
}
Event: 2,877 GC heap after
{Heap after GC invocations=19 (full 1):
 PSYoungGen      total 22016K, used 640K [0x00000000eab00000, 0x00000000ec280000, 0x0000000100000000)
  eden space 20992K, 0% used [0x00000000eab00000,0x00000000eab00000,0x00000000ebf80000)
  from space 1024K, 62% used [0x00000000ec180000,0x00000000ec220000,0x00000000ec280000)
  to   space 1024K, 0% used [0x00000000ec080000,0x00000000ec080000,0x00000000ec180000)
 ParOldGen       total 68608K, used 27319K [0x00000000c0000000, 0x00000000c4300000, 0x00000000eab00000)
  object space 68608K, 39% used [0x00000000c0000000,0x00000000c1aadf78,0x00000000c4300000)
 Metaspace       used 34973K, committed 35712K, reserved 1081344K
  class space    used 3464K, committed 3776K, reserved 1048576K
}
Event: 2,888 GC heap before
{Heap before GC invocations=20 (full 1):
 PSYoungGen      total 22016K, used 2453K [0x00000000eab00000, 0x00000000ec280000, 0x0000000100000000)
  eden space 20992K, 8% used [0x00000000eab00000,0x00000000eacc54c0,0x00000000ebf80000)
  from space 1024K, 62% used [0x00000000ec180000,0x00000000ec220000,0x00000000ec280000)
  to   space 1024K, 0% used [0x00000000ec080000,0x00000000ec080000,0x00000000ec180000)
 ParOldGen       total 68608K, used 27319K [0x00000000c0000000, 0x00000000c4300000, 0x00000000eab00000)
  object space 68608K, 39% used [0x00000000c0000000,0x00000000c1aadf78,0x00000000c4300000)
 Metaspace       used 35156K, committed 35840K, reserved 1081344K
  class space    used 3477K, committed 3776K, reserved 1048576K
}
Event: 2,889 GC heap after
{Heap after GC invocations=20 (full 1):
 PSYoungGen      total 22016K, used 256K [0x00000000eab00000, 0x00000000ec200000, 0x0000000100000000)
  eden space 20992K, 0% used [0x00000000eab00000,0x00000000eab00000,0x00000000ebf80000)
  from space 1024K, 25% used [0x00000000ec080000,0x00000000ec0c0000,0x00000000ec180000)
  to   space 512K, 0% used [0x00000000ec180000,0x00000000ec180000,0x00000000ec200000)
 ParOldGen       total 68608K, used 27755K [0x00000000c0000000, 0x00000000c4300000, 0x00000000eab00000)
  object space 68608K, 40% used [0x00000000c0000000,0x00000000c1b1afa8,0x00000000c4300000)
 Metaspace       used 35156K, committed 35840K, reserved 1081344K
  class space    used 3477K, committed 3776K, reserved 1048576K
}
Event: 2,889 GC heap before
{Heap before GC invocations=21 (full 2):
 PSYoungGen      total 22016K, used 256K [0x00000000eab00000, 0x00000000ec200000, 0x0000000100000000)
  eden space 20992K, 0% used [0x00000000eab00000,0x00000000eab00000,0x00000000ebf80000)
  from space 1024K, 25% used [0x00000000ec080000,0x00000000ec0c0000,0x00000000ec180000)
  to   space 512K, 0% used [0x00000000ec180000,0x00000000ec180000,0x00000000ec200000)
 ParOldGen       total 68608K, used 27755K [0x00000000c0000000, 0x00000000c4300000, 0x00000000eab00000)
  object space 68608K, 40% used [0x00000000c0000000,0x00000000c1b1afa8,0x00000000c4300000)
 Metaspace       used 35156K, committed 35840K, reserved 1081344K
  class space    used 3477K, committed 3776K, reserved 1048576K
}
Event: 2,920 GC heap after
{Heap after GC invocations=21 (full 2):
 PSYoungGen      total 22016K, used 0K [0x00000000eab00000, 0x00000000ec200000, 0x0000000100000000)
  eden space 20992K, 0% used [0x00000000eab00000,0x00000000eab00000,0x00000000ebf80000)
  from space 1024K, 0% used [0x00000000ec080000,0x00000000ec080000,0x00000000ec180000)
  to   space 512K, 0% used [0x00000000ec180000,0x00000000ec180000,0x00000000ec200000)
 ParOldGen       total 68608K, used 25774K [0x00000000c0000000, 0x00000000c4300000, 0x00000000eab00000)
  object space 68608K, 37% used [0x00000000c0000000,0x00000000c192b998,0x00000000c4300000)
 Metaspace       used 35154K, committed 35840K, reserved 1081344K
  class space    used 3476K, committed 3776K, reserved 1048576K
}
Event: 3,542 GC heap before
{Heap before GC invocations=22 (full 2):
 PSYoungGen      total 22016K, used 20992K [0x00000000eab00000, 0x00000000ec200000, 0x0000000100000000)
  eden space 20992K, 100% used [0x00000000eab00000,0x00000000ebf80000,0x00000000ebf80000)
  from space 1024K, 0% used [0x00000000ec080000,0x00000000ec080000,0x00000000ec180000)
  to   space 512K, 0% used [0x00000000ec180000,0x00000000ec180000,0x00000000ec200000)
 ParOldGen       total 68608K, used 25774K [0x00000000c0000000, 0x00000000c4300000, 0x00000000eab00000)
  object space 68608K, 37% used [0x00000000c0000000,0x00000000c192b998,0x00000000c4300000)
 Metaspace       used 38060K, committed 38848K, reserved 1089536K
  class space    used 3770K, committed 4096K, reserved 1048576K
}
Event: 3,543 GC heap after
{Heap after GC invocations=22 (full 2):
 PSYoungGen      total 20480K, used 512K [0x00000000eab00000, 0x00000000ec580000, 0x0000000100000000)
  eden space 19968K, 0% used [0x00000000eab00000,0x00000000eab00000,0x00000000ebe80000)
  from space 512K, 100% used [0x00000000ec180000,0x00000000ec200000,0x00000000ec200000)
  to   space 3072K, 0% used [0x00000000ebe80000,0x00000000ebe80000,0x00000000ec180000)
 ParOldGen       total 68608K, used 27758K [0x00000000c0000000, 0x00000000c4300000, 0x00000000eab00000)
  object space 68608K, 40% used [0x00000000c0000000,0x00000000c1b1b8c0,0x00000000c4300000)
 Metaspace       used 38060K, committed 38848K, reserved 1089536K
  class space    used 3770K, committed 4096K, reserved 1048576K
}
Event: 4,482 GC heap before
{Heap before GC invocations=23 (full 2):
 PSYoungGen      total 20480K, used 20480K [0x00000000eab00000, 0x00000000ec580000, 0x0000000100000000)
  eden space 19968K, 100% used [0x00000000eab00000,0x00000000ebe80000,0x00000000ebe80000)
  from space 512K, 100% used [0x00000000ec180000,0x00000000ec200000,0x00000000ec200000)
  to   space 3072K, 0% used [0x00000000ebe80000,0x00000000ebe80000,0x00000000ec180000)
 ParOldGen       total 68608K, used 27758K [0x00000000c0000000, 0x00000000c4300000, 0x00000000eab00000)
  object space 68608K, 40% used [0x00000000c0000000,0x00000000c1b1b8c0,0x00000000c4300000)
 Metaspace       used 39824K, committed 40640K, reserved 1089536K
  class space    used 3893K, committed 4224K, reserved 1048576K
}
Event: 4,483 GC heap after
{Heap after GC invocations=23 (full 2):
 PSYoungGen      total 22528K, used 2392K [0x00000000eab00000, 0x00000000ec380000, 0x0000000100000000)
  eden space 19968K, 0% used [0x00000000eab00000,0x00000000eab00000,0x00000000ebe80000)
  from space 2560K, 93% used [0x00000000ebe80000,0x00000000ec0d63e8,0x00000000ec100000)
  to   space 2560K, 0% used [0x00000000ec100000,0x00000000ec100000,0x00000000ec380000)
 ParOldGen       total 68608K, used 28263K [0x00000000c0000000, 0x00000000c4300000, 0x00000000eab00000)
  object space 68608K, 41% used [0x00000000c0000000,0x00000000c1b99f98,0x00000000c4300000)
 Metaspace       used 39824K, committed 40640K, reserved 1089536K
  class space    used 3893K, committed 4224K, reserved 1048576K
}

